SF:./app/clients/audit_log_service_client.rb
DA:4,1
DA:5,1
DA:7,1
DA:11,1
DA:15,1
DA:17,2
DA:19,2
DA:24,1
DA:25,2
DA:30,0
DA:33,1
DA:35,1
DA:36,0
DA:39,1
DA:40,0
BRF:0
BRH:0
end_of_record
SF:./app/clients/comms_client.rb
DA:4,1
DA:5,1
DA:8,1
DA:13,1
DA:14,5
DA:19,1
DA:20,3
DA:22,3
DA:27,1
DA:29,1
DA:32,1
DA:33,2
DA:35,2
DA:40,1
DA:43,1
DA:45,1
DA:47,3
DA:58,1
DA:59,3
DA:65,1
DA:67,2
BRF:0
BRH:0
end_of_record
SF:./app/clients/error_client.rb
DA:4,1
DA:5,1
DA:6,0
BRF:0
BRH:0
end_of_record
SF:./app/clients/gis_service_client.rb
DA:4,1
DA:5,1
DA:7,1
DA:9,1
DA:16,1
DA:17,1
DA:28,1
DA:35,1
DA:36,7
DA:41,1
DA:42,3
DA:43,3
DA:45,1
DA:48,0
DA:51,1
DA:52,4
DA:53,4
DA:55,2
DA:58,1
DA:61,1
DA:63,1
DA:64,7
DA:67,1
DA:68,7
DA:71,1
DA:73,3
DA:82,1
DA:83,3
DA:85,2
DA:87,1
DA:91,1
DA:93,2
DA:103,1
DA:105,1
DA:114,1
DA:115,3
BRDA:78,0,1,3
BRDA:78,0,2,-
BRDA:84,0,3,2
BRDA:86,0,4,1
BRDA:83,0,5,-
BRDA:96,0,6,2
BRDA:96,0,7,-
BRDA:97,0,8,2
BRDA:97,0,9,-
BRDA:107,0,10,1
BRDA:107,0,11,-
BRDA:108,0,12,1
BRDA:108,0,13,-
BRF:13
BRH:7
end_of_record
SF:./app/clients/http_client.rb
DA:4,1
DA:5,1
DA:7,1
DA:8,1
DA:13,1
DA:18,100
DA:19,100
DA:20,100
DA:21,100
DA:22,100
DA:25,1
DA:26,79
DA:29,1
DA:30,53
DA:33,1
DA:34,66
DA:37,1
DA:38,92
DA:39,92
DA:40,90
DA:41,90
DA:43,27
DA:46,1
DA:47,1
DA:48,5
DA:49,40
DA:53,1
DA:55,1
DA:57,1
DA:58,100
DA:59,94
DA:60,94
DA:61,94
DA:63,94
DA:64,94
DA:65,94
DA:69,1
DA:70,90
DA:72,90
DA:74,38
DA:77,1
DA:78,90
DA:79,90
DA:80,90
DA:81,90
DA:84,1
DA:85,90
DA:87,63
DA:88,63
DA:91,1
DA:92,65
DA:94,65
DA:102,1
DA:103,20
DA:105,20
DA:108,1
DA:109,29
BRDA:61,0,1,7
BRDA:61,0,2,87
BRDA:72,0,3,52
BRDA:72,0,4,38
BRDA:81,0,5,42
BRDA:81,0,6,48
BRDA:85,0,7,27
BRDA:85,0,8,63
BRDA:96,0,9,65
BRDA:96,0,10,-
BRDA:96,0,11,65
BRDA:96,0,12,-
BRDA:96,0,13,65
BRDA:96,0,14,-
BRDA:96,0,15,65
BRDA:96,0,16,-
BRDA:109,0,17,9
BRDA:109,0,18,20
BRF:18
BRH:14
end_of_record
SF:./app/clients/hurrier_client.rb
DA:4,1
DA:5,1
DA:6,1
DA:8,1
DA:11,1
DA:12,3
DA:14,3
DA:19,2
DA:21,0
DA:24,1
DA:25,2
DA:27,2
DA:32,1
DA:35,1
DA:36,2
DA:41,1
DA:44,1
DA:45,3
DA:46,3
DA:49,1
DA:51,1
DA:54,1
DA:55,4
DA:57,4
DA:62,2
DA:64,1
DA:67,1
DA:68,6
DA:69,6
DA:71,6
DA:76,1
DA:78,3
DA:81,1
DA:82,2
DA:83,2
DA:88,1
DA:91,1
DA:92,1
DA:97,1
DA:99,1
DA:100,46
DA:103,1
DA:104,23
BRF:0
BRH:0
end_of_record
SF:./app/clients/hurrier_payload_builder.rb
DA:4,1
DA:5,1
DA:7,3
DA:13,1
DA:15,2
DA:23,1
DA:25,3
DA:31,1
DA:33,6
DA:46,1
DA:48,2
DA:56,1
DA:58,4
BRF:0
BRH:0
end_of_record
SF:./app/clients/kiwi_client.rb
DA:4,1
DA:5,1
DA:7,1
DA:9,1
DA:13,1
DA:14,4
DA:17,1
DA:18,3
DA:21,1
DA:22,7
DA:23,7
DA:28,1
DA:30,4
DA:33,1
DA:34,0
DA:35,0
DA:40,0
DA:42,0
DA:45,1
DA:46,0
DA:51,0
DA:54,1
DA:55,3
DA:56,3
DA:61,1
DA:63,1
DA:66,1
DA:67,20
DA:70,1
DA:71,10
BRF:0
BRH:0
end_of_record
SF:./app/clients/kiwi_payload_builder.rb
DA:4,1
DA:5,1
DA:7,3
DA:14,1
DA:16,8
DA:23,1
DA:25,1
BRF:0
BRH:0
end_of_record
SF:./app/clients/rider_automation_client.rb
DA:4,1
DA:5,1
DA:8,1
DA:13,1
DA:19,1
DA:20,36
DA:23,1
DA:24,9
DA:32,1
DA:34,1
DA:35,33
DA:37,30
DA:38,30
BRF:0
BRH:0
end_of_record
SF:./app/clients/rooster_client.rb
DA:4,1
DA:5,1
DA:8,1
DA:12,1
DA:13,9
DA:18,1
DA:19,4
DA:20,4
DA:25,1
DA:27,2
DA:30,1
DA:31,3
DA:33,3
DA:38,1
DA:40,1
DA:43,1
DA:44,2
DA:48,1
DA:50,1
DA:53,1
DA:55,1
DA:57,3
DA:65,1
DA:66,3
DA:69,1
DA:70,6
BRDA:38,0,1,1
BRDA:38,0,2,-
BRDA:40,0,3,1
BRDA:40,0,4,-
BRDA:40,0,5,1
BRDA:40,0,6,-
BRF:6
BRH:3
end_of_record
SF:./app/clients/sns_client.rb
DA:4,1
DA:5,1
DA:7,1
DA:8,2
DA:11,1
DA:12,2
DA:15,1
DA:17,1
DA:18,2
DA:19,2
DA:23,1
DA:24,1
DA:27,1
DA:28,2
BRDA:19,0,1,1
BRDA:19,0,2,1
BRF:2
BRH:2
end_of_record
SF:./app/clients/sts_token_client.rb
DA:4,1
DA:5,1
DA:6,1
DA:7,1
DA:9,1
DA:10,1
DA:11,1
DA:14,1
DA:17,1
DA:18,4
DA:23,1
DA:24,2
DA:25,2
DA:26,2
DA:27,2
DA:29,2
DA:32,1
DA:34,1
DA:35,2
DA:36,1
DA:37,1
DA:38,0
DA:41,1
DA:43,1
DA:46,1
DA:48,0
DA:54,0
DA:57,1
DA:58,2
DA:59,0
DA:60,0
DA:62,2
DA:65,1
DA:67,0
BRDA:37,0,1,-
BRDA:37,0,2,1
BRF:2
BRH:1
end_of_record
SF:./app/configurations/ab_test_configuration.rb
DA:4,1
DA:5,1
BRF:0
BRH:0
end_of_record
SF:./app/configurations/alarm_configuration.rb
DA:4,1
DA:6,1
DA:10,1
BRF:0
BRH:0
end_of_record
SF:./app/configurations/circuit_configuration.rb
DA:4,1
DA:5,1
DA:7,1
DA:8,1
DA:9,1
DA:10,1
DA:11,1
DA:12,1
DA:13,1
DA:14,1
DA:15,1
DA:16,1
DA:17,1
DA:18,1
DA:19,1
DA:21,1
DA:24,1
BRF:0
BRH:0
end_of_record
SF:./app/configurations/database/partition_configuration.rb
DA:4,1
DA:5,1
DA:6,1
DA:8,1
DA:11,1
DA:21,1
DA:27,1
DA:28,1
DA:30,1
BRF:0
BRH:0
end_of_record
SF:./app/configurations/database/table_configs.rb
DA:4,1
DA:5,1
DA:7,1
DA:70,1
DA:71,1
DA:73,1
DA:74,1
BRF:0
BRH:0
end_of_record
SF:./app/configurations/flag_configuration.rb
DA:4,1
DA:5,1
BRF:0
BRH:0
end_of_record
SF:./app/configurations/issue_type_configuration.rb
DA:4,1
DA:7,1
DA:22,1
DA:30,1
DA:56,1
DA:89,1
DA:96,1
DA:105,1
BRF:0
BRH:0
end_of_record
SF:./app/configurations/redis_configuration.rb
DA:4,1
DA:5,1
BRF:0
BRH:0
end_of_record
SF:./app/consumers/base_consumer.rb
DA:4,1
DA:5,1
DA:6,1
DA:8,1
DA:9,1
DA:11,1
DA:12,1
DA:13,1
DA:15,1
DA:17,1
DA:18,0
DA:21,2
DA:22,1
DA:26,66
DA:30,33
DA:32,33
DA:33,33
DA:34,33
DA:35,33
DA:37,33
DA:41,2
DA:42,1
DA:43,252
DA:46,1
DA:48,2
DA:49,1
DA:50,74
DA:53,1
DA:54,1
DA:62,1
DA:63,21
DA:65,21
DA:72,2
DA:73,1
DA:74,24
DA:77,2
DA:78,1
DA:79,72
DA:80,72
DA:81,72
BRDA:30,0,1,6
BRDA:30,0,2,27
BRDA:63,0,3,9
BRDA:63,0,4,-
BRDA:63,0,5,9
BRDA:63,0,6,12
BRF:6
BRH:5
end_of_record
SF:./app/consumers/batch_consumer.rb
DA:4,1
DA:5,1
DA:6,1
DA:8,1
DA:10,1
DA:12,1
DA:14,2
DA:15,1
DA:17,15
DA:20,15
DA:23,30
DA:26,1
DA:27,1
DA:31,1
DA:33,1
DA:35,1
DA:37,15
DA:38,15
DA:39,10
DA:41,15
DA:43,10
DA:44,10
DA:47,1
DA:48,15
BRDA:41,0,1,5
BRDA:41,0,2,10
BRF:2
BRH:2
end_of_record
SF:./app/consumers/consume_batch_use_case_executor.rb
DA:4,1
DA:5,1
DA:6,20
DA:7,20
DA:10,1
DA:11,20
DA:12,20
DA:13,20
DA:14,18
DA:15,13
DA:17,0
DA:19,5
DA:23,1
DA:25,1
DA:26,10
DA:27,8
DA:31,1
DA:32,5
DA:34,5
DA:41,1
DA:42,20
DA:43,20
DA:44,20
DA:46,20
DA:47,18
DA:49,2
BRDA:32,0,1,5
BRDA:32,0,2,-
BRDA:32,0,3,5
BRDA:32,0,4,-
BRDA:46,0,5,18
BRDA:48,0,6,2
BRF:6
BRH:4
end_of_record
SF:./app/consumers/consume_use_case_executor.rb
DA:4,1
DA:5,1
DA:6,112
DA:7,112
DA:8,112
DA:9,112
DA:12,1
DA:13,78
DA:15,78
DA:17,78
DA:18,59
DA:19,50
DA:21,19
DA:25,1
DA:27,1
DA:28,148
DA:30,2
DA:38,1
DA:39,148
DA:44,1
DA:45,21
DA:47,21
DA:49,21
BRDA:17,0,1,59
BRDA:20,0,2,19
BRDA:28,0,3,2
BRDA:28,0,4,146
BRDA:47,0,5,21
BRDA:47,0,6,-
BRF:6
BRH:5
end_of_record
SF:./app/consumers/courier_current_shift_updated_consumer.rb
DA:4,1
DA:5,1
DA:6,1
DA:8,1
DA:10,1
DA:11,1
DA:15,1
DA:16,5
BRF:0
BRH:0
end_of_record
SF:./app/consumers/courier_late_for_shift_consumer.rb
DA:4,1
DA:5,1
DA:6,1
DA:8,1
DA:10,1
DA:11,1
DA:14,1
DA:15,5
BRF:0
BRH:0
end_of_record
SF:./app/consumers/courier_location_changed_consumer.rb
DA:4,1
DA:5,1
DA:6,1
DA:8,1
DA:10,1
DA:11,1
DA:15,1
DA:16,4
BRF:0
BRH:0
end_of_record
SF:./app/consumers/courier_logged_out_consumer.rb
DA:4,1
DA:5,1
DA:6,1
DA:8,1
DA:10,1
DA:11,1
DA:14,1
DA:15,2
BRF:0
BRH:0
end_of_record
SF:./app/consumers/courier_shift_ended_consumer.rb
DA:4,1
DA:5,1
DA:6,1
DA:8,1
DA:10,1
DA:11,1
DA:14,1
DA:15,6
BRF:0
BRH:0
end_of_record
SF:./app/consumers/courier_shift_started_consumer.rb
DA:4,1
DA:5,1
DA:6,1
DA:8,1
DA:10,1
DA:11,1
DA:14,1
DA:15,5
BRF:0
BRH:0
end_of_record
SF:./app/consumers/courier_status_changed_consumer.rb
DA:4,1
DA:5,1
DA:6,1
DA:8,1
DA:10,1
DA:11,1
DA:14,1
DA:15,2
BRF:0
BRH:0
end_of_record
SF:./app/consumers/courier_updated_consumer.rb
DA:4,1
DA:5,1
DA:6,1
DA:8,1
DA:10,1
DA:11,1
DA:14,1
DA:15,2
BRF:0
BRH:0
end_of_record
SF:./app/consumers/delay_updated_consumer.rb
DA:4,1
DA:5,1
DA:6,1
DA:8,1
DA:10,1
DA:11,1
DA:14,1
DA:15,5
DA:22,3
DA:25,1
DA:26,4
BRF:0
BRH:0
end_of_record
SF:./app/consumers/delivery_accepted_consumer.rb
DA:4,1
DA:5,1
DA:6,1
DA:7,1
DA:9,1
DA:11,1
DA:12,1
DA:15,1
DA:16,4
DA:18,4
DA:24,1
BRF:0
BRH:0
end_of_record
SF:./app/consumers/delivery_acknowledged_consumer.rb
DA:4,1
DA:5,1
DA:6,1
DA:8,1
DA:10,1
DA:11,1
DA:14,1
DA:15,4
DA:22,3
DA:25,1
DA:27,1
DA:28,3
BRF:0
BRH:0
end_of_record
SF:./app/consumers/delivery_cancelled_consumer.rb
DA:4,1
DA:5,1
DA:6,1
DA:7,1
DA:9,1
DA:11,1
DA:12,1
DA:15,1
DA:16,5
DA:18,5
DA:25,1
BRF:0
BRH:0
end_of_record
SF:./app/consumers/delivery_completed_consumer.rb
DA:4,1
DA:5,1
DA:6,1
DA:7,1
DA:9,1
DA:11,1
DA:12,1
DA:15,1
DA:16,3
DA:18,3
DA:25,1
BRF:0
BRH:0
end_of_record
SF:./app/consumers/delivery_courier_notified_consumer.rb
DA:4,1
DA:5,1
DA:6,1
DA:7,1
DA:9,1
DA:11,1
DA:12,1
DA:15,1
DA:16,3
DA:18,3
DA:25,1
BRF:0
BRH:0
end_of_record
SF:./app/consumers/delivery_dequeued_consumer.rb
DA:4,1
DA:5,1
DA:6,1
DA:7,1
DA:9,1
DA:11,1
DA:12,1
DA:15,1
DA:16,4
DA:18,4
DA:25,1
BRF:0
BRH:0
end_of_record
SF:./app/consumers/delivery_dispatched_consumer.rb
DA:4,1
DA:5,1
DA:6,1
DA:7,1
DA:9,1
DA:11,1
DA:12,1
DA:16,1
DA:17,12
DA:19,6
BRF:0
BRH:0
end_of_record
SF:./app/consumers/delivery_enqueued_consumer.rb
DA:4,1
DA:5,1
DA:6,1
DA:7,1
DA:9,1
DA:11,1
DA:12,1
DA:15,1
DA:16,2
DA:18,2
DA:25,1
BRF:0
BRH:0
end_of_record
SF:./app/consumers/delivery_left_pickup_consumer.rb
DA:4,1
DA:5,1
DA:6,1
DA:7,1
DA:9,1
DA:11,1
DA:12,1
DA:15,1
DA:16,3
DA:18,3
DA:24,1
BRF:0
BRH:0
end_of_record
SF:./app/consumers/delivery_manual_undispatched_consumer.rb
DA:4,1
DA:5,1
DA:6,1
DA:7,1
DA:9,1
DA:11,1
DA:12,1
DA:15,1
DA:16,3
DA:18,3
DA:25,1
BRF:0
BRH:0
end_of_record
SF:./app/consumers/delivery_near_dropoff_consumer.rb
DA:4,1
DA:5,1
DA:6,1
DA:7,1
DA:9,1
DA:11,1
DA:12,1
DA:15,1
DA:16,3
DA:18,3
DA:24,1
BRF:0
BRH:0
end_of_record
SF:./app/consumers/delivery_near_pickup_consumer.rb
DA:4,1
DA:5,1
DA:6,1
DA:7,1
DA:9,1
DA:11,1
DA:12,1
DA:15,1
DA:16,3
DA:18,3
DA:25,1
BRF:0
BRH:0
end_of_record
SF:./app/consumers/delivery_picked_up_consumer.rb
DA:4,1
DA:5,1
DA:6,1
DA:7,1
DA:9,1
DA:11,1
DA:12,1
DA:15,1
DA:16,3
DA:18,3
DA:24,1
BRF:0
BRH:0
end_of_record
SF:./app/consumers/delivery_undispatched_consumer.rb
DA:4,1
DA:5,1
DA:6,1
DA:7,1
DA:9,1
DA:11,1
DA:12,1
DA:16,1
DA:17,8
DA:19,4
BRF:0
BRH:0
end_of_record
SF:./app/consumers/dispatching_issue_created_consumer.rb
DA:4,1
DA:5,1
DA:6,1
DA:8,1
DA:10,1
DA:11,1
DA:14,1
DA:15,3
DA:22,1
BRF:0
BRH:0
end_of_record
SF:./app/consumers/geo_object_updated_consumer.rb
DA:4,1
DA:5,1
DA:6,1
DA:8,1
DA:10,1
DA:11,1
DA:14,1
DA:15,7
DA:23,4
BRF:0
BRH:0
end_of_record
SF:./app/consumers/mobile_issue_created_consumer.rb
DA:4,1
DA:5,1
DA:6,1
DA:8,1
DA:10,1
DA:11,1
DA:14,1
DA:15,2
BRF:0
BRH:0
end_of_record
SF:./app/consumers/order_updated_consumer.rb
DA:4,1
DA:5,1
DA:6,1
DA:8,1
DA:10,1
DA:11,1
DA:15,1
DA:16,2
BRF:0
BRH:0
end_of_record
SF:./app/consumers/route_updated_consumer.rb
DA:4,1
DA:5,1
DA:6,1
DA:8,1
DA:10,1
DA:11,1
DA:15,1
DA:16,3
BRF:0
BRH:0
end_of_record
SF:./app/consumers/single_consumer.rb
DA:4,1
DA:5,1
DA:6,1
DA:8,1
DA:10,1
DA:11,1
DA:13,1
DA:14,1
DA:17,1
DA:19,2
DA:20,1
DA:21,57
DA:22,57
DA:23,55
DA:25,2
DA:26,2
DA:29,1
DA:30,53
BRDA:25,0,1,2
BRDA:25,0,2,-
BRDA:25,0,3,2
BRDA:25,0,4,-
BRF:4
BRH:2
end_of_record
SF:./app/consumers/vehicle_type_updated_consumer.rb
DA:4,1
DA:5,1
DA:6,1
DA:8,1
DA:10,1
DA:11,1
DA:14,1
DA:15,3
BRF:0
BRH:0
end_of_record
SF:./app/contracts/ab_test/apply_contract.rb
DA:4,1
DA:5,1
DA:6,1
DA:7,1
DA:8,1
BRF:0
BRH:0
end_of_record
SF:./app/contracts/ab_test/destroy_contract.rb
DA:4,1
DA:5,1
DA:6,1
DA:7,1
DA:8,1
BRF:0
BRH:0
end_of_record
SF:./app/contracts/ab_test/extend_contract.rb
DA:4,1
DA:5,1
DA:6,1
DA:7,1
DA:8,1
BRF:0
BRH:0
end_of_record
SF:./app/contracts/ab_test/list_contract.rb
DA:4,1
DA:5,1
DA:6,1
DA:7,3
DA:8,1
DA:9,1
DA:10,1
DA:11,1
DA:12,1
DA:15,1
DA:16,12
DA:17,2
BRDA:16,0,1,2
BRDA:16,0,2,10
BRF:2
BRH:2
end_of_record
SF:./app/contracts/ab_test/show_contract.rb
DA:4,1
DA:5,1
DA:6,1
DA:7,1
BRF:0
BRH:0
end_of_record
SF:./app/contracts/ab_test/status_contract.rb
DA:4,1
DA:5,1
DA:6,1
DA:7,1
DA:8,2
DA:9,1
BRF:0
BRH:0
end_of_record
SF:./app/contracts/ab_test/upsert_contract.rb
DA:4,1
DA:5,1
DA:6,1
DA:7,1
DA:8,1
DA:9,1
DA:10,1
DA:11,1
DA:12,1
DA:13,1
DA:16,1
DA:17,66
DA:20,1
DA:21,88
DA:23,22
BRDA:17,0,1,64
BRDA:17,0,2,2
BRDA:23,0,3,18
BRDA:23,0,4,4
BRF:4
BRH:4
end_of_record
SF:./app/contracts/ab_test/variation_schema.rb
DA:4,1
DA:5,1
DA:6,1
DA:7,1
DA:8,1
DA:9,1
DA:10,1
DA:11,40
DA:12,40
DA:13,40
DA:17,1
BRF:0
BRH:0
end_of_record
SF:./app/contracts/alarm/consume_contract.rb
DA:4,1
DA:5,1
DA:6,1
DA:7,1
BRF:0
BRH:0
end_of_record
SF:./app/contracts/alarm/create_contract.rb
DA:4,1
DA:5,1
DA:6,1
DA:7,1
DA:10,1
DA:11,1
DA:12,1
DA:15,1
DA:16,1
BRF:0
BRH:0
end_of_record
SF:./app/contracts/alarm/subscribe_contract.rb
DA:4,1
DA:5,1
DA:6,1
DA:7,1
BRF:0
BRH:0
end_of_record
SF:./app/contracts/application_contract.rb
DA:4,1
DA:5,1
BRF:0
BRH:0
end_of_record
SF:./app/contracts/courier/list_issues_contract.rb
DA:4,1
DA:5,1
DA:6,1
DA:7,1
DA:8,1
BRF:0
BRH:0
end_of_record
SF:./app/contracts/delete_issue_rule_template_contract.rb
DA:4,1
DA:5,1
DA:6,1
BRF:0
BRH:0
end_of_record
SF:./app/contracts/event_bus/courier_event_contract.rb
DA:4,1
DA:5,1
DA:6,1
DA:7,1
DA:9,1
DA:10,1
DA:13,1
DA:14,1
DA:15,1
DA:18,1
DA:19,1
DA:22,1
DA:23,1
DA:24,1
DA:25,1
DA:26,1
DA:29,1
DA:31,1
DA:34,1
DA:35,42
DA:36,22
DA:37,22
DA:38,79
DA:41,22
BRDA:41,0,1,8
BRDA:41,0,2,14
BRDA:35,0,3,22
BRDA:35,0,4,20
BRF:4
BRH:4
end_of_record
SF:./app/contracts/event_bus/courier_event_schema.rb
DA:4,1
DA:5,1
DA:6,1
DA:7,1
DA:8,1
DA:9,1
DA:11,1
DA:12,1
DA:13,1
DA:14,1
BRF:0
BRH:0
end_of_record
SF:./app/contracts/event_bus/courier_location_changed_event_contract.rb
DA:4,1
DA:5,1
DA:6,1
DA:7,1
DA:8,1
DA:9,1
DA:12,1
DA:13,1
DA:14,1
DA:17,1
DA:18,1
DA:19,1
DA:20,1
DA:21,1
BRF:0
BRH:0
end_of_record
SF:./app/contracts/event_bus/delay_updated_contract.rb
DA:4,1
DA:5,1
DA:6,1
DA:7,1
DA:8,1
BRF:0
BRH:0
end_of_record
SF:./app/contracts/event_bus/delivery_acknowledged_event_contract.rb
DA:4,1
DA:5,1
DA:6,1
DA:7,1
DA:8,1
DA:9,1
BRF:0
BRH:0
end_of_record
SF:./app/contracts/event_bus/delivery_event_contract.rb
DA:4,1
DA:5,1
DA:6,1
DA:7,1
DA:8,1
DA:9,1
DA:11,1
DA:12,1
DA:13,1
DA:14,1
DA:18,1
DA:19,41
DA:21,41
BRDA:21,0,1,2
BRDA:21,0,2,39
BRF:2
BRH:2
end_of_record
SF:./app/contracts/event_bus/delivery_event_schema.rb
DA:4,1
DA:5,1
DA:6,1
DA:7,1
DA:8,1
DA:9,1
DA:10,1
DA:12,1
DA:13,1
DA:14,1
DA:15,1
DA:19,1
DA:20,1
DA:21,1
DA:22,1
DA:24,1
BRF:0
BRH:0
end_of_record
SF:./app/contracts/event_bus/dispatch_service/delivery_event_contract.rb
DA:4,1
DA:5,1
DA:6,1
DA:7,1
DA:8,1
DA:9,1
DA:10,1
DA:12,1
DA:13,1
DA:15,1
BRF:0
BRH:0
end_of_record
SF:./app/contracts/event_bus/dispatch_service/dispatching_issue_created_contract.rb
DA:4,1
DA:5,1
DA:6,1
DA:7,1
DA:8,1
DA:9,1
DA:12,1
DA:13,1
DA:15,1
DA:16,1
BRF:0
BRH:0
end_of_record
SF:./app/contracts/event_bus/dispatch_service/route_action_schema.rb
DA:4,1
DA:5,1
DA:6,1
DA:7,1
DA:8,1
DA:9,1
DA:10,1
BRF:0
BRH:0
end_of_record
SF:./app/contracts/event_bus/dispatch_service/route_updated_event_contract.rb
DA:4,1
DA:5,1
DA:6,1
DA:7,1
DA:8,1
DA:9,1
DA:10,1
DA:11,1
DA:14,1
DA:15,1
DA:16,1
DA:20,1
DA:21,1
DA:22,1
DA:23,1
BRF:0
BRH:0
end_of_record
SF:./app/contracts/event_bus/estimated_preparation_schema.rb
DA:4,1
DA:5,1
DA:6,1
DA:7,1
BRF:0
BRH:0
end_of_record
SF:./app/contracts/event_bus/fleet_event_schema.rb
DA:4,1
DA:5,1
DA:6,1
BRF:0
BRH:0
end_of_record
SF:./app/contracts/event_bus/order_event_contract.rb
DA:4,1
DA:5,1
DA:6,1
DA:7,1
BRF:0
BRH:0
end_of_record
SF:./app/contracts/event_bus/order_event_schema.rb
DA:4,1
DA:5,1
DA:6,1
DA:7,1
DA:8,1
DA:9,1
DA:10,1
DA:11,1
DA:12,1
DA:13,1
DA:14,1
DA:15,1
DA:16,1
DA:17,1
DA:18,1
DA:19,1
DA:20,1
DA:21,1
DA:22,1
BRF:0
BRH:0
end_of_record
SF:./app/contracts/event_bus/vehicle_type_event_contract.rb
DA:4,1
DA:5,1
DA:6,1
DA:7,1
DA:8,1
DA:9,1
BRF:0
BRH:0
end_of_record
SF:./app/contracts/geo_object_contract.rb
DA:4,1
DA:5,1
DA:7,1
DA:8,1
DA:9,2
DA:10,1
DA:11,1
DA:12,1
DA:14,2
DA:15,1
DA:16,1
DA:17,1
DA:18,2
BRF:0
BRH:0
end_of_record
SF:./app/contracts/geofence_events_contract.rb
DA:4,1
DA:5,1
DA:6,1
DA:7,1
DA:8,1
BRF:0
BRH:0
end_of_record
SF:./app/contracts/issue_creation_param_contract.rb
DA:4,1
DA:5,1
BRF:0
BRH:0
end_of_record
SF:./app/contracts/issue_creation_param_schema.rb
DA:4,1
DA:6,1
DA:7,1
DA:8,1
DA:10,1
BRF:0
BRH:0
end_of_record
SF:./app/contracts/issue_index_contract.rb
DA:4,1
DA:5,1
DA:6,1
DA:8,1
DA:9,2
DA:10,2
DA:11,1
DA:12,1
DA:13,1
DA:14,1
DA:15,1
BRF:0
BRH:0
end_of_record
SF:./app/contracts/issue_rule_template_contract.rb
DA:4,1
DA:5,1
DA:7,1
DA:8,15
DA:9,14
DA:10,1
DA:12,1
BRDA:11,0,1,1
BRDA:8,0,2,14
BRF:2
BRH:2
end_of_record
SF:./app/contracts/issue_rule_template_schema.rb
DA:4,1
DA:5,1
DA:6,1
DA:9,1
DA:10,1
DA:11,1
DA:14,1
DA:15,1
DA:16,1
DA:19,1
DA:20,2
DA:23,1
DA:24,1
DA:25,1
DA:28,1
DA:29,1
DA:32,1
DA:33,1
DA:34,1
DA:35,1
DA:36,1
DA:37,1
BRF:0
BRH:0
end_of_record
SF:./app/contracts/load_test/toggle_issue_type_contract.rb
DA:4,1
DA:5,1
DA:6,1
DA:7,1
DA:8,1
BRF:0
BRH:0
end_of_record
SF:./app/contracts/mobile/issue_created_contract.rb
DA:4,1
DA:5,1
DA:6,1
DA:7,1
DA:8,1
DA:9,1
DA:10,1
DA:11,1
BRF:0
BRH:0
end_of_record
SF:./app/contracts/order_code_contract.rb
DA:4,1
DA:5,1
DA:6,1
BRF:0
BRH:0
end_of_record
SF:./app/contracts/pick_issue_contract.rb
DA:4,1
DA:5,1
DA:6,1
DA:7,1
DA:8,1
BRF:0
BRH:0
end_of_record
SF:./app/contracts/request/approve_or_decline_contract.rb
DA:4,1
DA:5,1
DA:6,1
DA:7,1
DA:8,1
BRF:0
BRH:0
end_of_record
SF:./app/contracts/request/create_contract.rb
DA:4,1
DA:5,1
DA:6,1
DA:8,1
DA:9,1
DA:10,1
DA:11,2
DA:13,1
DA:14,1
DA:15,1
DA:16,1
DA:19,1
DA:20,29
DA:22,1
DA:25,1
DA:26,24
DA:27,16
DA:28,16
DA:29,16
DA:33,1
DA:34,29
DA:37,1
DA:38,3
DA:39,3
DA:41,3
DA:42,3
DA:43,2
DA:48,1
DA:49,48
DA:50,48
DA:52,48
DA:53,48
DA:54,1
DA:59,1
DA:60,32
DA:61,32
BRDA:26,0,1,16
BRDA:26,0,2,8
BRDA:34,0,3,3
BRDA:34,0,4,26
BRDA:42,0,5,2
BRDA:42,0,6,1
BRDA:53,0,7,1
BRDA:53,0,8,47
BRF:8
BRH:8
end_of_record
SF:./app/contracts/request/list_contract.rb
DA:4,1
DA:5,1
DA:6,1
DA:7,1
DA:9,1
DA:10,1
DA:11,1
DA:12,1
DA:13,1
DA:14,1
DA:15,1
DA:16,1
DA:17,1
DA:18,1
DA:19,1
BRF:0
BRH:0
end_of_record
SF:./app/contracts/request/show_contract.rb
DA:4,1
DA:5,1
DA:6,1
DA:7,1
BRF:0
BRH:0
end_of_record
SF:./app/contracts/resolve_issue_contract.rb
DA:4,1
DA:5,1
DA:6,1
BRF:0
BRH:0
end_of_record
SF:./app/contracts/set_to_processing_issue_contract.rb
DA:4,1
DA:5,1
DA:6,1
BRF:0
BRH:0
end_of_record
SF:./app/contracts/user_schema.rb
DA:4,1
DA:5,1
DA:6,1
DA:7,1
DA:8,1
BRF:0
BRH:0
end_of_record
SF:./app/controllers/ab_tests_controller.rb
DA:4,1
DA:5,1
DA:7,1
DA:8,2
DA:15,1
DA:16,2
DA:23,1
DA:24,4
DA:30,1
DA:34,1
DA:35,2
DA:41,1
DA:45,1
DA:46,3
DA:52,1
DA:56,1
DA:57,2
DA:63,1
DA:67,1
DA:68,2
DA:74,1
BRF:0
BRH:0
end_of_record
SF:./app/controllers/alarms_controller.rb
DA:4,1
DA:5,1
DA:6,1
DA:7,1
DA:8,1
DA:13,0
DA:14,0
DA:18,1
DA:19,2
DA:24,1
DA:28,1
DA:29,2
DA:34,1
DA:38,1
DA:40,1
DA:41,5
DA:44,1
DA:45,1
BRF:0
BRH:0
end_of_record
SF:./app/controllers/application_controller.rb
DA:4,1
DA:5,1
DA:6,1
DA:7,1
DA:9,5
DA:10,23
DA:12,1
DA:13,108
DA:16,1
DA:17,0
DA:25,1
DA:26,36
DA:36,1
DA:37,110
DA:38,21
DA:42,1
DA:43,68
DA:44,52
DA:48,1
DA:49,75
BRF:0
BRH:0
end_of_record
SF:./app/controllers/concerns/authorization.rb
DA:4,1
DA:5,1
DA:7,1
DA:9,1
DA:10,1
DA:11,163
DA:15,1
DA:16,132
DA:19,1
DA:20,57
DA:23,1
DA:24,28
DA:27,1
DA:28,40
DA:31,1
DA:32,58
DA:35,1
DA:36,40
DA:39,1
DA:40,36
DA:43,1
DA:44,36
DA:47,1
DA:49,1
DA:50,125
DA:53,1
DA:54,125
DA:57,1
DA:58,68
DA:61,1
DA:62,40
DA:65,1
DA:66,163
DA:69,1
DA:70,19
DA:71,19
DA:73,2
DA:74,2
DA:76,1
DA:79,1
DA:80,145
DA:82,145
DA:84,125
DA:87,1
DA:88,2
DA:91,1
DA:92,18
DA:94,17
BRDA:16,0,1,132
BRDA:16,0,2,-
BRDA:16,0,3,110
BRDA:16,0,4,22
BRDA:44,0,5,-
BRDA:44,0,6,36
BRDA:66,0,7,19
BRDA:66,0,8,144
BRDA:70,0,9,2
BRDA:70,0,10,17
BRDA:71,0,11,17
BRDA:71,0,12,2
BRDA:74,0,13,1
BRDA:74,0,14,1
BRDA:80,0,15,125
BRDA:80,0,16,20
BRDA:82,0,17,20
BRDA:82,0,18,125
BRDA:92,0,19,1
BRDA:92,0,20,17
BRF:20
BRH:18
end_of_record
SF:./app/controllers/concerns/set_current_request_details.rb
DA:4,1
DA:5,1
DA:7,1
DA:8,1
DA:9,163
DA:10,163
DA:11,163
BRF:0
BRH:0
end_of_record
SF:./app/controllers/couriers_controller.rb
DA:4,1
DA:5,1
DA:6,3
DA:8,2
BRF:0
BRH:0
end_of_record
SF:./app/controllers/dispatcher_dashboard_controller.rb
DA:4,1
DA:5,1
DA:6,2
BRF:0
BRH:0
end_of_record
SF:./app/controllers/health_check_controller.rb
DA:4,1
DA:5,1
DA:6,3
DA:7,3
BRF:0
BRH:0
end_of_record
SF:./app/controllers/issue_creation_params_controller.rb
DA:4,1
DA:5,1
DA:6,1
DA:8,1
DA:9,4
DA:15,1
DA:16,0
BRF:0
BRH:0
end_of_record
SF:./app/controllers/issue_rule_templates_controller.rb
DA:4,1
DA:5,1
DA:6,1
DA:8,1
DA:9,4
DA:15,1
DA:16,15
DA:22,0
DA:25,1
DA:26,6
DA:29,1
DA:30,3
DA:37,1
DA:38,5
BRF:0
BRH:0
end_of_record
SF:./app/controllers/issues_controller.rb
DA:4,1
DA:5,1
DA:6,6
DA:14,2
DA:17,1
DA:18,3
DA:26,0
DA:29,1
DA:30,2
DA:39,1
DA:40,12
DA:49,1
DA:50,0
BRF:0
BRH:0
end_of_record
SF:./app/controllers/load_tests_controller.rb
DA:4,1
DA:5,1
DA:6,3
DA:7,3
DA:10,1
DA:11,4
BRF:0
BRH:0
end_of_record
SF:./app/controllers/orders_controller.rb
DA:4,1
DA:5,1
DA:6,2
BRF:0
BRH:0
end_of_record
SF:./app/controllers/v1/geofence_events_controller.rb
DA:4,1
DA:5,1
DA:6,1
DA:7,2
BRF:0
BRH:0
end_of_record
SF:./app/controllers/v1/requests_controller.rb
DA:4,1
DA:5,1
DA:6,1
DA:7,1
DA:9,1
DA:10,2
DA:17,1
DA:18,2
DA:25,1
DA:26,17
DA:32,3
DA:36,1
DA:37,3
DA:43,0
DA:46,1
DA:47,3
BRF:0
BRH:0
end_of_record
SF:./app/mappers/ab_test_status_mapper.rb
DA:4,1
DA:7,1
DA:13,1
DA:14,8
BRF:0
BRH:0
end_of_record
SF:./app/mappers/delivery_status_geofence_mapper.rb
DA:4,1
DA:6,1
DA:14,1
DA:15,1
DA:16,7
DA:18,7
BRDA:16,0,1,3
BRDA:16,0,2,4
BRF:2
BRH:2
end_of_record
SF:./app/mappers/delivery_status_mapper.rb
DA:4,1
DA:5,1
DA:7,1
DA:23,1
DA:24,49
DA:25,1
DA:28,48
BRDA:24,0,1,1
BRDA:24,0,2,48
BRF:2
BRH:2
end_of_record
SF:./app/mappers/issue/class_mapper.rb
DA:4,1
DA:5,1
DA:6,1
DA:9,1
DA:15,1
DA:32,1
DA:79,1
DA:80,1
DA:81,69
DA:84,1
DA:85,62
DA:88,1
DA:89,64
DA:92,1
DA:94,1
DA:95,195
DA:97,3
BRF:0
BRH:0
end_of_record
SF:./app/mappers/issue/courier_status_issue_mapper.rb
DA:4,1
DA:5,1
DA:6,1
DA:17,1
DA:32,1
DA:33,1
DA:35,1
DA:36,1
DA:38,1
DA:39,16
DA:42,1
DA:43,1
DA:47,1
DA:48,15
BRF:0
BRH:0
end_of_record
SF:./app/mappers/issue/delivery_status_issue_mapper.rb
DA:6,1
DA:7,1
DA:8,1
DA:42,1
DA:57,1
DA:61,1
DA:65,1
DA:117,1
DA:118,1
DA:120,1
DA:121,1
DA:123,1
DA:124,68
DA:127,1
DA:128,1
DA:132,1
DA:133,69
BRF:0
BRH:0
end_of_record
SF:./app/mappers/issue/dispatch_service_code_mapper.rb
DA:4,1
DA:5,1
DA:7,1
DA:20,1
DA:21,21
BRF:0
BRH:0
end_of_record
SF:./app/mappers/issue/type_mapper.rb
DA:4,1
DA:5,1
DA:6,1
DA:8,1
DA:9,42
DA:12,1
DA:13,4
DA:16,1
DA:18,1
DA:19,56
DA:22,1
DA:23,209
BRF:0
BRH:0
end_of_record
SF:./app/mappers/mobile_issue_category_generator_mapper.rb
DA:4,1
DA:5,1
DA:8,1
DA:26,1
DA:27,1
DA:28,22
DA:30,1
DA:34,1
BRF:0
BRH:0
end_of_record
SF:./app/middlewares/health_check_middleware.rb
DA:4,1
DA:5,1
DA:6,1
DA:9,1
DA:10,10
DA:11,1
DA:13,9
BRDA:10,0,1,1
BRDA:12,0,2,9
BRF:2
BRH:2
end_of_record
SF:./app/models/ab_test.rb
DA:4,1
DA:5,1
DA:6,1
DA:8,1
DA:10,1
DA:12,1
DA:13,118
DA:17,1
DA:18,5
DA:21,1
DA:22,5
DA:25,1
DA:26,10
DA:29,1
DA:30,50
DA:31,50
DA:35,1
DA:36,0
DA:37,0
BRF:0
BRH:0
end_of_record
SF:./app/models/ab_test_variation.rb
DA:4,1
DA:5,1
BRF:0
BRH:0
end_of_record
SF:./app/models/alarm/repository.rb
DA:4,1
DA:5,1
DA:6,1
DA:8,1
DA:9,16
DA:12,1
DA:13,2
DA:16,1
DA:17,18
DA:20,1
DA:21,8
BRF:0
BRH:0
end_of_record
SF:./app/models/application_record.rb
DA:4,1
DA:5,1
DA:7,1
DA:8,68
BRF:0
BRH:0
end_of_record
SF:./app/models/city.rb
DA:4,1
DA:5,1
DA:6,1
DA:8,834
BRF:0
BRH:0
end_of_record
SF:./app/models/cloudwatch_alarm.rb
DA:4,1
DA:5,1
DA:6,10
DA:9,1
DA:10,18
DA:13,1
DA:14,15
DA:17,1
DA:18,5
DA:21,1
DA:22,7
BRF:0
BRH:0
end_of_record
SF:./app/models/concerns/recent_scope.rb
DA:4,1
DA:5,1
DA:7,1
DA:8,4
DA:9,157
DA:10,157
DA:12,157
BRF:0
BRH:0
end_of_record
SF:./app/models/courier.rb
DA:4,1
DA:5,1
DA:7,1
DA:8,1
DA:9,1
DA:11,1
DA:12,1
DA:13,1
DA:14,1
DA:15,84
DA:16,1
DA:18,1
DA:19,12
DA:21,1
DA:23,1
DA:25,1
DA:26,1
DA:27,1
DA:29,1
DA:30,116
DA:33,1
DA:34,98
DA:37,1
DA:38,138
DA:41,1
DA:42,5
DA:45,1
DA:46,3
DA:49,1
DA:50,21
DA:53,1
DA:54,15
DA:57,1
DA:58,54
DA:61,1
DA:62,8
DA:65,1
DA:66,22
DA:69,1
DA:70,7
DA:73,1
DA:74,24
DA:77,1
DA:78,3
DA:82,1
DA:83,20
DA:86,1
DA:87,23
DA:90,1
DA:91,8
DA:93,2
DA:96,1
DA:97,6
DA:100,1
DA:101,11
DA:104,1
DA:105,11
DA:108,1
DA:109,10
BRDA:66,0,1,22
BRDA:66,0,2,-
BRDA:91,0,3,6
BRDA:91,0,4,2
BRDA:101,0,5,8
BRDA:101,0,6,1
BRDA:105,0,7,8
BRDA:105,0,8,1
BRF:8
BRH:7
end_of_record
SF:./app/models/courier/repository.rb
DA:4,1
DA:5,1
DA:6,1
DA:8,1
DA:11,13
DA:12,12
DA:13,34
DA:14,4
DA:17,1
DA:18,77
DA:19,77
DA:21,77
DA:26,1
DA:27,59
DA:28,59
DA:31,1
DA:32,59
DA:37,1
DA:38,136
DA:41,1
DA:42,59
DA:43,236
DA:44,236
DA:46,236
DA:47,62
DA:49,174
BRDA:46,0,1,62
BRDA:48,0,2,174
BRF:2
BRH:2
end_of_record
SF:./app/models/courier_variation.rb
DA:4,1
DA:5,1
DA:6,1
BRF:0
BRH:0
end_of_record
SF:./app/models/current_request.rb
DA:4,1
DA:5,1
DA:7,1
DA:8,298
DA:9,298
BRDA:8,0,1,111
BRDA:8,0,2,187
BRF:2
BRH:2
end_of_record
SF:./app/models/delivery.rb
DA:4,1
DA:5,1
DA:6,1
DA:8,1
DA:10,1
DA:13,1
DA:15,1
DA:16,1
DA:20,1
DA:22,1
DA:23,1
DA:28,1
DA:43,15
DA:44,5
DA:46,1
DA:47,1
DA:49,1
DA:50,114
DA:53,1
DA:54,7
DA:57,1
DA:58,59
DA:61,1
DA:62,49
DA:63,37
DA:64,3
DA:66,34
DA:70,1
DA:71,33
DA:72,19
DA:73,0
DA:75,19
DA:79,1
DA:80,49
DA:83,1
DA:84,33
DA:87,1
DA:88,53
DA:91,1
DA:92,9
DA:95,1
DA:96,9
DA:99,1
DA:100,26
DA:103,1
DA:104,18
DA:111,1
DA:112,10
BRDA:63,0,1,3
BRDA:65,0,2,34
BRDA:72,0,3,-
BRDA:74,0,4,19
BRDA:92,0,5,7
BRDA:92,0,6,2
BRDA:96,0,7,7
BRDA:96,0,8,2
BRDA:112,0,9,2
BRDA:112,0,10,8
BRF:10
BRH:9
end_of_record
SF:./app/models/delivery_hero_token.rb
DA:4,1
DA:5,1
DA:6,2
DA:9,1
DA:10,2
DA:13,1
DA:14,0
DA:17,1
DA:18,16
DA:23,1
DA:24,11
DA:27,1
DA:29,1
DA:30,27
BRF:0
BRH:0
end_of_record
SF:./app/models/delivery_transition.rb
DA:4,1
DA:5,1
DA:7,1
DA:9,1
DA:10,1
DA:12,1
DA:13,1
DA:14,1
DA:15,1
DA:18,7
DA:20,1
DA:21,11
DA:24,1
DA:25,26
DA:28,1
DA:29,1
DA:32,1
DA:33,13
DA:36,1
DA:37,7
DA:40,1
DA:41,6
BRF:0
BRH:0
end_of_record
SF:./app/models/issue.rb
DA:4,1
DA:5,1
DA:7,1
DA:9,1
DA:11,1
DA:12,1
DA:13,1
DA:15,69
DA:16,21
DA:17,3
DA:18,252
DA:19,7
DA:20,7
DA:21,160
DA:22,50
DA:24,1
DA:25,1
DA:28,1
DA:29,15
DA:31,10
DA:34,1
DA:35,80
DA:38,1
DA:39,3
DA:42,1
DA:43,1272
DA:46,1
DA:47,230
DA:50,1
DA:51,277
DA:52,277
DA:56,1
DA:57,7
DA:60,1
DA:61,19
DA:64,1
DA:65,4
DA:68,1
DA:69,1
DA:72,1
DA:73,1
DA:76,1
DA:77,18
DA:80,1
DA:81,11
DA:84,1
DA:85,27
DA:88,1
DA:89,426
BRDA:29,0,1,5
BRDA:29,0,2,10
BRDA:31,0,3,10
BRDA:31,0,4,-
BRDA:57,0,5,6
BRDA:57,0,6,1
BRDA:77,0,7,17
BRDA:77,0,8,1
BRDA:77,0,9,14
BRDA:77,0,10,1
BRDA:81,0,11,10
BRDA:81,0,12,1
BRDA:81,0,13,10
BRDA:81,0,14,1
BRF:14
BRH:13
end_of_record
SF:./app/models/issue/courier_app.rb
DA:4,1
DA:5,1
DA:6,1
DA:8,1
DA:9,1
DA:12,1
DA:13,1
DA:14,3
DA:17,1
DA:18,190
BRF:0
BRH:0
end_of_record
SF:./app/models/issue/courier_break_request.rb
DA:4,1
DA:5,1
DA:6,1
DA:8,1
DA:9,2
DA:12,1
DA:13,2
DA:16,1
DA:17,1
DA:18,9
DA:21,1
DA:22,190
BRF:0
BRH:0
end_of_record
SF:./app/models/issue/courier_equipment.rb
DA:4,1
DA:5,1
DA:6,1
DA:8,1
DA:9,1
DA:12,1
DA:13,1
DA:14,2
DA:17,1
DA:18,190
BRF:0
BRH:0
end_of_record
SF:./app/models/issue/courier_fake_gps_usage.rb
DA:4,1
DA:5,1
DA:6,1
DA:8,1
DA:9,2
DA:12,1
DA:13,6
DA:16,1
DA:17,1
DA:18,1
DA:21,1
DA:22,2
DA:25,1
DA:26,192
BRDA:13,0,1,6
BRDA:13,0,2,-
BRF:2
BRH:1
end_of_record
SF:./app/models/issue/courier_gps_off_for_x_minutes.rb
DA:4,1
DA:5,1
DA:7,1
DA:15,1
DA:16,3
DA:19,1
DA:20,2
DA:23,1
DA:24,5
DA:27,1
DA:28,1
DA:29,2
DA:32,1
DA:33,4
DA:36,1
DA:37,190
BRF:0
BRH:0
end_of_record
SF:./app/models/issue/courier_idle.rb
DA:4,1
DA:5,1
DA:7,1
DA:15,1
DA:16,2
DA:19,1
DA:20,2
DA:23,1
DA:24,3
DA:27,1
DA:28,1
DA:29,1
DA:32,1
DA:33,1
DA:36,1
DA:37,190
BRF:0
BRH:0
end_of_record
SF:./app/models/issue/courier_late_for_shift.rb
DA:4,1
DA:5,1
DA:7,1
DA:15,1
DA:16,2
DA:19,1
DA:20,2
DA:23,1
DA:24,1
DA:25,6
DA:28,1
DA:29,190
BRF:0
BRH:0
end_of_record
SF:./app/models/issue/courier_locate_customer.rb
DA:4,1
DA:5,1
DA:6,1
DA:8,1
DA:9,2
DA:12,1
DA:13,2
DA:16,1
DA:17,1
DA:18,5
DA:21,1
DA:22,190
BRF:0
BRH:0
end_of_record
SF:./app/models/issue/courier_not_in_the_zone.rb
DA:4,1
DA:5,1
DA:7,1
DA:16,1
DA:17,2
DA:20,1
DA:21,2
DA:24,1
DA:25,4
DA:28,1
DA:29,1
DA:30,1
DA:33,1
DA:34,2
DA:37,1
DA:38,190
BRF:0
BRH:0
end_of_record
SF:./app/models/issue/courier_restaurant.rb
DA:4,1
DA:5,1
DA:6,1
DA:8,1
DA:9,1
DA:12,1
DA:13,1
DA:14,2
DA:17,1
DA:18,190
BRF:0
BRH:0
end_of_record
SF:./app/models/issue/dispatch_can_not_stack_with_other_job_in_route.rb
DA:4,1
DA:5,1
DA:6,1
DA:8,1
DA:9,4
DA:12,1
DA:13,2
DA:16,1
DA:17,1
DA:18,1
DA:21,1
DA:22,190
BRF:0
BRH:0
end_of_record
SF:./app/models/issue/dispatch_courier_cancel_request.rb
DA:4,1
DA:5,1
DA:6,1
DA:8,1
DA:9,2
DA:12,1
DA:13,2
DA:16,1
DA:17,1
DA:18,2
DA:21,1
DA:22,190
BRF:0
BRH:0
end_of_record
SF:./app/models/issue/dispatch_courier_decline.rb
DA:4,1
DA:5,1
DA:6,1
DA:8,1
DA:9,3
DA:12,1
DA:13,5
DA:19,1
DA:20,1
DA:21,21
DA:24,1
DA:25,190
DA:29,1
DA:31,1
DA:32,3
BRF:0
BRH:0
end_of_record
SF:./app/models/issue/dispatch_courier_redispatch_request.rb
DA:4,1
DA:5,1
DA:6,1
DA:8,1
DA:9,3
DA:12,1
DA:13,5
DA:17,1
DA:18,1
DA:19,8
DA:22,1
DA:23,190
DA:27,1
DA:29,1
DA:30,3
BRDA:14,0,1,3
BRDA:14,0,2,1
BRF:2
BRH:2
end_of_record
SF:./app/models/issue/dispatch_delivery_ignored.rb
DA:4,1
DA:5,1
DA:6,1
DA:9,1
DA:12,1
DA:13,2
DA:16,1
DA:17,0
DA:20,1
DA:21,1
DA:22,1
DA:25,1
DA:26,189
BRF:0
BRH:0
end_of_record
SF:./app/models/issue/dispatch_delivery_not_seen.rb
DA:4,1
DA:5,1
DA:6,1
DA:9,1
DA:12,1
DA:13,3
DA:16,1
DA:17,0
DA:20,1
DA:21,1
DA:22,1
DA:25,1
DA:26,189
BRF:0
BRH:0
end_of_record
SF:./app/models/issue/dispatch_distance_is_too_long.rb
DA:4,1
DA:5,1
DA:6,1
DA:8,1
DA:9,4
DA:12,1
DA:13,2
DA:16,1
DA:17,1
DA:18,2
DA:21,1
DA:22,192
BRF:0
BRH:0
end_of_record
SF:./app/models/issue/dispatch_hard_pickup_to_dropoff_distance_constraint.rb
DA:4,1
DA:5,1
DA:6,1
DA:8,1
DA:9,3
DA:12,1
DA:13,2
DA:16,1
DA:17,1
DA:18,1
DA:21,1
DA:22,190
BRF:0
BRH:0
end_of_record
SF:./app/models/issue/dispatch_limit_for_route_size_exceeded.rb
DA:4,1
DA:5,1
DA:6,1
DA:8,1
DA:9,2
DA:12,1
DA:13,2
DA:16,1
DA:17,1
DA:18,1
DA:21,1
DA:22,190
BRF:0
BRH:0
end_of_record
SF:./app/models/issue/dispatch_no_courier_can_deliver_within_shift.rb
DA:4,1
DA:5,1
DA:6,1
DA:8,1
DA:9,6
DA:12,1
DA:13,4
DA:16,1
DA:17,1
DA:18,2
DA:21,1
DA:22,191
BRF:0
BRH:0
end_of_record
SF:./app/models/issue/dispatch_no_courier_in_required_zones.rb
DA:4,1
DA:5,1
DA:6,1
DA:8,1
DA:9,3
DA:12,1
DA:13,2
DA:16,1
DA:17,1
DA:18,1
DA:21,1
DA:22,190
BRF:0
BRH:0
end_of_record
SF:./app/models/issue/dispatch_no_courier_interaction.rb
DA:4,1
DA:5,1
DA:7,1
DA:15,1
DA:16,9
DA:19,1
DA:20,3
DA:23,1
DA:24,1
DA:25,5
DA:28,1
DA:29,190
BRF:0
BRH:0
end_of_record
SF:./app/models/issue/dispatch_no_courier_with_required_skills.rb
DA:4,1
DA:5,1
DA:6,1
DA:8,1
DA:9,3
DA:12,1
DA:13,2
DA:16,1
DA:17,1
DA:18,1
DA:21,1
DA:22,190
BRF:0
BRH:0
end_of_record
SF:./app/models/issue/dispatch_no_courier_with_required_vehicles.rb
DA:4,1
DA:5,1
DA:6,1
DA:8,1
DA:9,3
DA:12,1
DA:13,2
DA:16,1
DA:17,1
DA:18,1
DA:21,1
DA:22,190
BRF:0
BRH:0
end_of_record
SF:./app/models/issue/dispatch_no_vehicle_with_required_capacity.rb
DA:4,1
DA:5,1
DA:6,1
DA:8,1
DA:9,3
DA:12,1
DA:13,2
DA:16,1
DA:17,1
DA:18,1
DA:21,1
DA:22,190
BRF:0
BRH:0
end_of_record
SF:./app/models/issue/dispatch_non_dispatchable_order.rb
DA:4,1
DA:5,1
DA:6,1
DA:8,1
DA:9,3
DA:12,1
DA:13,1
DA:16,1
DA:17,1
DA:18,1
DA:21,1
DA:22,1
BRF:0
BRH:0
end_of_record
SF:./app/models/issue/dispatch_non_showable_issue.rb
DA:4,1
DA:5,1
DA:6,1
DA:8,1
DA:9,3
DA:12,1
DA:13,1
DA:16,1
DA:17,1
DA:18,2
DA:21,1
DA:22,1
BRF:0
BRH:0
end_of_record
SF:./app/models/issue/dispatch_none_of_required_couriers_working.rb
DA:4,1
DA:5,1
DA:6,1
DA:8,1
DA:9,3
DA:12,1
DA:13,2
DA:16,1
DA:17,1
DA:18,1
DA:21,1
DA:22,190
BRF:0
BRH:0
end_of_record
SF:./app/models/issue/dispatch_not_accepted_within_x_minutes.rb
DA:4,1
DA:5,1
DA:7,1
DA:15,1
DA:16,4
DA:19,1
DA:20,1
DA:23,1
DA:24,1
DA:25,1
DA:28,1
DA:29,190
DA:33,1
DA:35,1
DA:36,4
BRF:0
BRH:0
end_of_record
SF:./app/models/issue/dispatch_order_clicked_through.rb
DA:4,1
DA:5,1
DA:7,1
DA:15,1
DA:16,1
DA:19,1
DA:20,1
DA:21,1
DA:24,1
DA:25,190
BRF:0
BRH:0
end_of_record
SF:./app/models/issue/dispatch_remove_early_arrival_post_processor.rb
DA:4,1
DA:5,1
DA:6,1
DA:8,1
DA:9,3
DA:12,1
DA:13,2
DA:16,1
DA:17,1
DA:18,1
DA:21,1
DA:22,190
BRF:0
BRH:0
end_of_record
SF:./app/models/issue/dispatch_unknown_reason.rb
DA:4,1
DA:5,1
DA:6,1
DA:8,1
DA:9,3
DA:12,1
DA:13,2
DA:16,1
DA:17,1
DA:18,2
DA:21,1
DA:22,190
BRF:0
BRH:0
end_of_record
SF:./app/models/issue/dropoff_idle_order.rb
DA:4,1
DA:5,1
DA:7,1
DA:29,1
DA:30,1
DA:33,1
DA:34,3
DA:37,1
DA:38,1
DA:39,1
DA:42,1
DA:43,190
BRF:0
BRH:0
end_of_record
SF:./app/models/issue/dropoff_late.rb
DA:4,1
DA:5,1
DA:7,1
DA:21,1
DA:22,3
DA:27,1
DA:28,2
DA:31,1
DA:32,1
DA:33,1
DA:36,1
DA:37,1
DA:40,1
DA:41,190
DA:45,1
DA:47,1
DA:48,2
DA:50,2
DA:53,1
DA:54,2
DA:55,2
DA:56,2
BRDA:48,0,1,2
BRDA:48,0,2,-
BRDA:48,0,3,-
BRDA:48,0,4,2
BRDA:55,0,5,2
BRDA:55,0,6,-
BRF:6
BRH:3
end_of_record
SF:./app/models/issue/dropoff_no_courier_interaction.rb
DA:4,1
DA:5,1
DA:7,1
DA:15,1
DA:16,2
DA:19,1
DA:20,2
DA:23,1
DA:24,1
DA:25,1
DA:28,1
DA:29,189
BRF:0
BRH:0
end_of_record
SF:./app/models/issue/dropoff_no_gps_and_delayed.rb
DA:4,1
DA:5,1
DA:7,1
DA:27,1
DA:28,3
DA:31,1
DA:32,2
DA:35,1
DA:36,1
DA:37,1
DA:40,1
DA:41,190
BRF:0
BRH:0
end_of_record
SF:./app/models/issue/dropoff_waiting.rb
DA:4,1
DA:5,1
DA:7,1
DA:15,1
DA:16,4
DA:19,1
DA:20,1
DA:21,98
DA:24,1
DA:25,192
BRF:0
BRH:0
end_of_record
SF:./app/models/issue/pickup_idle_order.rb
DA:4,1
DA:5,1
DA:7,1
DA:29,1
DA:30,2
DA:33,1
DA:34,3
DA:37,1
DA:39,1
DA:41,1
DA:44,1
DA:45,1
DA:46,1
DA:49,1
DA:50,0
DA:53,1
DA:54,190
BRF:0
BRH:0
end_of_record
SF:./app/models/issue/pickup_late.rb
DA:4,1
DA:5,1
DA:7,1
DA:15,1
DA:16,2
DA:19,1
DA:20,1
DA:23,1
DA:24,1
DA:25,2
DA:28,1
DA:29,190
BRF:0
BRH:0
end_of_record
SF:./app/models/issue/pickup_no_courier_interaction.rb
DA:4,1
DA:5,1
DA:7,1
DA:15,1
DA:16,4
DA:19,1
DA:20,4
DA:23,1
DA:24,1
DA:25,3
DA:28,1
DA:29,191
BRF:0
BRH:0
end_of_record
SF:./app/models/issue/pickup_no_gps_and_delayed.rb
DA:4,1
DA:5,1
DA:7,1
DA:27,1
DA:28,3
DA:31,1
DA:32,2
DA:35,1
DA:36,1
DA:37,1
DA:40,1
DA:41,190
BRF:0
BRH:0
end_of_record
SF:./app/models/issue/pickup_waiting.rb
DA:4,1
DA:5,1
DA:7,1
DA:27,1
DA:28,1
DA:31,1
DA:32,2
DA:35,1
DA:36,1
DA:37,5
DA:40,1
DA:41,190
BRF:0
BRH:0
end_of_record
SF:./app/models/issue_creation_param.rb
DA:4,1
DA:5,1
DA:7,1
DA:8,5
DA:11,1
DA:12,8
BRF:0
BRH:0
end_of_record
SF:./app/models/issue_rule.rb
DA:4,1
DA:5,1
DA:7,1
DA:9,1
DA:11,11
BRF:0
BRH:0
end_of_record
SF:./app/models/issue_rule_template.rb
DA:4,1
DA:5,1
DA:7,51
DA:9,1
DA:10,16
DA:13,1
DA:14,42
DA:17,1
DA:18,37
DA:19,34
BRF:0
BRH:0
end_of_record
SF:./app/models/issue_rule_template/json_wrapper.rb
DA:4,1
DA:5,1
DA:6,1
DA:7,2
DA:8,2
DA:9,2
DA:10,2
DA:11,2
DA:14,1
BRF:0
BRH:0
end_of_record
SF:./app/models/issue_type.rb
DA:4,1
DA:5,17
DA:7,1
DA:8,277
DA:11,1
DA:12,31
DA:15,1
DA:16,126
DA:19,1
DA:20,3
BRDA:8,0,1,273
BRDA:8,0,2,4
BRF:2
BRH:2
end_of_record
SF:./app/models/logistics_token.rb
DA:4,1
DA:5,1
DA:6,56
DA:9,1
DA:10,38
DA:13,1
DA:14,152
DA:17,1
DA:18,100
BRF:0
BRH:0
end_of_record
SF:./app/models/order.rb
DA:4,1
DA:5,1
DA:7,1
DA:8,1
DA:9,8
DA:11,1
DA:13,1
DA:14,62
DA:17,1
DA:18,30
DA:21,1
DA:22,20
DA:25,1
DA:26,10
BRDA:22,0,1,4
BRDA:22,0,2,16
BRDA:26,0,3,-
BRDA:26,0,4,10
BRF:4
BRH:3
end_of_record
SF:./app/models/order_variation.rb
DA:4,1
DA:5,1
DA:6,1
BRF:0
BRH:0
end_of_record
SF:./app/models/partition.rb
DA:4,1
DA:5,1
DA:6,2450
DA:7,2450
DA:8,2450
DA:9,2450
DA:12,1
DA:14,1
DA:15,1034
DA:18,1
DA:20,1
DA:21,2450
DA:23,2442
BRDA:21,0,1,8
BRDA:21,0,2,2442
BRF:2
BRH:2
end_of_record
SF:./app/models/partition/queries.rb
DA:4,1
DA:5,1
DA:7,1
DA:8,26
DA:13,31
DA:18,8
DA:24,9
DA:29,162
DA:34,20
DA:39,163
DA:44,39
DA:49,78
DA:54,571
DA:69,217
DA:75,6
DA:80,19
DA:85,7
DA:91,1
DA:92,177
DA:95,1
DA:97,1
DA:98,14
DA:99,1356
BRF:0
BRH:0
end_of_record
SF:./app/models/partition/table_setup.rb
DA:4,1
DA:5,1
DA:6,1
DA:7,74
DA:10,1
DA:11,157
DA:13,157
DA:14,157
DA:17,1
DA:18,162
DA:19,162
DA:20,162
DA:22,12
DA:23,12
DA:26,1
DA:27,494
DA:28,1604
DA:29,1110
DA:30,1110
DA:33,1
DA:36,1
DA:37,157
DA:39,39
DA:46,39
DA:53,39
BRDA:20,0,1,150
BRDA:20,0,2,12
BRDA:38,0,3,39
BRDA:52,0,4,39
BRDA:37,0,5,79
BRF:5
BRH:5
end_of_record
SF:./app/models/prometheus_alarm.rb
DA:4,1
DA:5,1
DA:6,6
DA:9,1
DA:10,7
DA:13,1
DA:14,7
DA:17,1
DA:18,3
DA:21,1
DA:22,3
BRF:0
BRH:0
end_of_record
SF:./app/models/request.rb
DA:4,1
DA:5,1
DA:7,1
DA:8,1
DA:15,1
DA:16,1
DA:17,1
DA:19,13
DA:20,5
DA:21,9
DA:22,5
DA:24,1
DA:25,22
DA:28,1
DA:30,26
DA:36,1
DA:37,9
DA:38,9
DA:39,9
BRF:0
BRH:0
end_of_record
SF:./app/models/request_issue_creation_param.rb
DA:4,1
DA:5,1
BRF:0
BRH:0
end_of_record
SF:./app/models/request_issue_rule_template.rb
DA:4,1
DA:5,1
BRF:0
BRH:0
end_of_record
SF:./app/models/route_action.rb
DA:4,1
DA:5,1
DA:6,1
DA:8,1
DA:10,1
DA:11,1
DA:12,1
DA:13,1
DA:14,1
DA:15,1
DA:17,1
DA:19,1
DA:20,253
DA:21,253
DA:24,1
DA:25,0
DA:28,1
DA:29,0
DA:32,1
DA:33,13
DA:36,1
DA:37,13
BRF:0
BRH:0
end_of_record
SF:./app/models/route_action/adapter.rb
DA:4,1
DA:5,1
DA:6,1
DA:7,366
DA:10,1
DA:11,83
DA:14,1
DA:15,104
DA:18,1
DA:19,102
DA:22,1
DA:23,0
DA:26,1
BRF:0
BRH:0
end_of_record
SF:./app/models/route_action/repository.rb
DA:4,1
DA:5,1
DA:6,1
DA:8,1
DA:10,1
DA:11,125
DA:16,1
DA:17,217
BRF:0
BRH:0
end_of_record
SF:./app/models/shift.rb
DA:4,1
DA:5,1
DA:6,1
DA:8,1
DA:9,87
DA:12,1
DA:13,23
DA:16,1
DA:17,4
BRF:0
BRH:0
end_of_record
SF:./app/models/starting_point.rb
DA:4,1
DA:5,1
DA:6,1
DA:8,1
DA:9,1
DA:10,1
BRF:0
BRH:0
end_of_record
SF:./app/models/timestamp_lock_store.rb
DA:4,1
DA:5,1
DA:12,478
DA:13,478
DA:14,478
DA:15,478
DA:16,478
DA:19,1
DA:20,202
DA:21,202
DA:22,202
DA:24,193
DA:25,193
DA:30,1
DA:31,276
DA:32,276
DA:33,276
DA:35,145
BRDA:22,0,1,193
BRDA:22,0,2,9
BRDA:25,0,3,193
BRDA:25,0,4,-
BRDA:33,0,5,131
BRDA:33,0,6,145
BRF:6
BRH:5
end_of_record
SF:./app/models/token.rb
DA:4,1
DA:5,1
DA:7,1
DA:8,143
DA:11,1
DA:12,132
DA:13,112
DA:16,1
DA:17,111
DA:23,1
DA:24,112
DA:27,1
DA:28,0
DA:31,1
DA:32,0
DA:35,1
DA:36,0
DA:39,1
DA:40,145
BRF:0
BRH:0
end_of_record
SF:./app/models/vehicle_type.rb
DA:4,1
BRF:0
BRH:0
end_of_record
SF:./app/models/zone.rb
DA:4,1
DA:5,1
DA:6,1
DA:8,1
DA:10,1
DA:11,6
DA:12,6
DA:15,1
DA:16,0
DA:19,1
DA:21,1
DA:22,6
DA:24,240
DA:25,6
BRF:0
BRH:0
end_of_record
SF:./app/publishers/sns/builder.rb
DA:4,1
DA:5,1
DA:6,1
DA:9,1
DA:14,1
DA:15,6
DA:17,5
DA:20,1
DA:22,1
DA:23,6
DA:25,1
BRF:0
BRH:0
end_of_record
SF:./app/publishers/sns/envelope.rb
DA:4,1
DA:6,1
DA:7,1
DA:8,1
DA:12,1
DA:13,7
DA:15,7
DA:16,7
DA:17,7
DA:18,7
DA:21,1
DA:23,7
DA:31,1
DA:33,1
DA:34,30
DA:35,139
BRDA:15,0,1,7
BRDA:15,0,2,-
BRDA:15,0,3,7
BRDA:15,0,4,-
BRF:4
BRH:2
end_of_record
SF:./app/publishers/sns/publisher.rb
DA:4,1
DA:5,1
DA:6,1
DA:8,1
DA:9,5
DA:10,5
DA:13,1
DA:14,5
DA:15,4
DA:17,3
DA:20,1
DA:22,1
DA:23,1
DA:26,1
DA:28,1
DA:29,3
DA:31,1
DA:39,1
DA:40,2
DA:42,2
DA:45,1
DA:46,1
BRDA:15,0,1,4
BRDA:15,0,2,-
BRDA:15,0,3,1
BRDA:15,0,4,3
BRDA:17,0,5,3
BRDA:17,0,6,-
BRDA:29,0,7,1
BRDA:29,0,8,2
BRDA:42,0,9,2
BRDA:42,0,10,-
BRF:10
BRH:7
end_of_record
SF:./app/publishers/sns/validator.rb
DA:4,1
DA:5,1
DA:6,1
DA:7,3
DA:10,1
DA:11,3
DA:12,3
DA:14,1
DA:15,1
DA:16,1
DA:19,1
DA:21,1
DA:22,1
DA:23,1
DA:27,1
DA:28,1
DA:37,1
DA:38,1
DA:39,2
DA:42,1
DA:43,3
DA:48,1
DA:49,3
BRDA:12,0,1,2
BRDA:12,0,2,1
BRDA:23,0,3,1
BRDA:23,0,4,-
BRF:4
BRH:3
end_of_record
SF:./app/serializers/ab_test_serializer.rb
DA:4,1
DA:5,1
DA:6,11
DA:9,19
DA:13,1
DA:14,2
DA:15,2
DA:16,2
DA:19,1
DA:21,1
DA:22,13
DA:33,1
DA:34,2
DA:36,4
BRDA:6,0,1,3
BRDA:6,0,2,8
BRF:2
BRH:2
end_of_record
SF:./app/serializers/courier/issues_serializer.rb
DA:4,1
DA:5,1
DA:6,1
DA:8,5
BRF:0
BRH:0
end_of_record
SF:./app/serializers/geo_json_serializer.rb
DA:4,1
DA:5,1
DA:6,1
DA:7,1740
DA:10,1
DA:11,3503
DA:12,3503
BRDA:12,0,1,593
BRDA:12,0,2,2910
BRF:2
BRH:2
end_of_record
SF:./app/serializers/health_check_serializer.rb
DA:4,1
DA:5,1
DA:7,17
BRF:0
BRH:0
end_of_record
SF:./app/serializers/issue_creation_param_serializer.rb
DA:4,1
DA:5,1
DA:6,193
DA:9,193
DA:15,1
DA:17,1
DA:18,193
DA:19,152
DA:20,216
DA:23,152
DA:25,151
BRDA:19,0,1,151
BRDA:19,0,2,1
BRDA:23,0,3,1
BRDA:23,0,4,151
BRDA:25,0,5,151
BRDA:25,0,6,-
BRF:6
BRH:5
end_of_record
SF:./app/serializers/issue_creation_param_updated_serializer.rb
DA:4,1
DA:5,1
DA:6,0
BRF:0
BRH:0
end_of_record
SF:./app/serializers/issue_index_serializer.rb
DA:4,1
DA:5,1
DA:14,1
DA:16,82
DA:17,104
DA:21,1
DA:23,1
DA:25,82
DA:32,1
DA:34,104
DA:50,1
DA:51,104
DA:54,102
DA:59,1
DA:60,104
DA:63,103
DA:70,1
DA:71,103
DA:72,1
DA:74,102
DA:78,1
DA:79,104
DA:83,1
DA:84,103
DA:88,1
DA:89,207
DA:92,1
DA:93,103
DA:96,1
DA:97,103
BRDA:51,0,1,2
BRDA:51,0,2,102
BRDA:60,0,3,1
BRDA:60,0,4,103
BRDA:71,0,5,1
BRDA:73,0,6,102
BRF:6
BRH:6
end_of_record
SF:./app/serializers/issue_rule_template_form_data_serializer.rb
DA:4,1
DA:5,1
DA:6,19
DA:7,9
DA:8,9
DA:9,9
DA:12,1
DA:13,280
DA:14,280
DA:15,280
DA:16,280
DA:20,1
DA:22,1
DA:24,280
DA:29,1
DA:30,9
DA:32,27
DA:38,1
DA:39,9
DA:41,117
DA:47,1
DA:48,9
DA:50,270
DA:57,1
DA:58,280
DA:59,8400
DA:60,6125
BRF:0
BRH:0
end_of_record
SF:./app/serializers/issue_rule_template_serializer.rb
DA:4,1
DA:5,1
DA:6,26
DA:9,1
DA:10,40
DA:12,40
DA:13,40
DA:14,40
DA:16,40
DA:19,1
DA:21,1
DA:23,40
DA:30,1
DA:31,40
DA:33,40
DA:39,1
DA:40,40
DA:45,1
DA:46,40
DA:52,1
DA:53,120
DA:54,120
DA:55,354
DA:57,133
DA:61,1
DA:62,59
DA:65,1
DA:66,133
DA:72,1
DA:74,133
DA:84,1
DA:85,133
DA:88,1
DA:89,80
DA:90,80
DA:93,80
DA:97,80
DA:98,80
DA:102,1
DA:103,0
DA:105,0
BRDA:85,0,1,38
BRDA:85,0,2,95
BRDA:103,0,3,-
BRDA:103,0,4,-
BRF:4
BRH:2
end_of_record
SF:./app/serializers/issue_serializer.rb
DA:4,1
DA:5,1
DA:6,7
DA:8,7
DA:9,7
DA:10,7
DA:12,7
DA:15,1
DA:17,1
DA:18,7
DA:19,7
DA:22,1
DA:23,7
DA:24,7
DA:27,1
DA:28,7
DA:29,7
DA:32,1
DA:33,7
DA:42,1
DA:44,6
DA:53,1
DA:55,6
DA:62,1
DA:64,6
BRDA:18,0,1,1
BRDA:18,0,2,6
BRDA:19,0,3,6
BRDA:19,0,4,1
BRDA:23,0,5,1
BRDA:23,0,6,6
BRDA:24,0,7,6
BRDA:24,0,8,1
BRDA:28,0,9,1
BRDA:28,0,10,6
BRDA:29,0,11,6
BRDA:29,0,12,1
BRDA:35,0,13,6
BRDA:35,0,14,1
BRDA:36,0,15,6
BRDA:36,0,16,1
BRDA:38,0,17,6
BRDA:38,0,18,1
BRDA:38,0,19,6
BRDA:38,0,20,1
BRDA:57,0,21,3
BRDA:57,0,22,3
BRDA:57,0,23,3
BRDA:57,0,24,3
BRF:24
BRH:24
end_of_record
SF:./app/serializers/request_serializer.rb
DA:4,1
DA:5,1
DA:9,21
DA:10,21
DA:13,1
DA:14,25
DA:15,25
DA:16,25
DA:19,25
DA:23,1
DA:25,1
DA:27,25
DA:35,25
DA:38,1
DA:39,25
DA:40,25
DA:41,25
DA:44,1
DA:45,50
DA:46,50
DA:47,26
DA:53,1
DA:54,14
DA:57,1
DA:58,6
DA:61,1
DA:62,10
DA:65,1
DA:66,0
DA:69,1
DA:70,11
DA:73,1
DA:74,6
DA:77,1
DA:79,1
BRDA:15,0,1,20
BRDA:15,0,2,5
BRDA:16,0,3,10
BRDA:16,0,4,15
BRDA:19,0,5,17
BRDA:19,0,6,8
BRDA:46,0,7,26
BRDA:46,0,8,24
BRDA:54,0,9,14
BRDA:54,0,10,-
BRDA:58,0,11,6
BRDA:58,0,12,-
BRDA:62,0,13,10
BRDA:62,0,14,-
BRDA:66,0,15,-
BRDA:66,0,16,-
BRDA:70,0,17,11
BRDA:70,0,18,-
BRDA:74,0,19,6
BRDA:74,0,20,-
BRF:20
BRH:13
end_of_record
SF:./app/use_cases/ab_test/advance_status_use_case.rb
DA:4,1
DA:5,1
DA:6,1
DA:7,8
DA:8,8
DA:11,1
DA:13,1
DA:14,13
DA:15,13
DA:16,13
DA:17,13
DA:18,13
DA:22,1
DA:24,1
DA:25,13
DA:26,13
DA:27,13
DA:28,13
DA:31,1
DA:32,13
DA:34,3
DA:35,3
DA:39,1
DA:40,13
DA:41,5
DA:43,3
DA:47,1
DA:48,3
DA:49,3
DA:50,3
DA:51,3
DA:54,1
DA:55,3
DA:58,1
DA:59,3
DA:63,1
DA:64,13
DA:65,5
DA:67,2
DA:71,1
DA:72,13
DA:79,1
DA:80,13
DA:85,13
DA:87,5
DA:89,5
DA:92,1
DA:93,5
DA:94,5
DA:97,5
DA:100,1
DA:103,8
BRDA:26,0,1,13
BRDA:26,0,2,-
BRDA:41,0,3,3
BRDA:41,0,4,2
BRDA:65,0,5,2
BRDA:65,0,6,3
BRDA:85,0,7,8
BRDA:85,0,8,5
BRF:8
BRH:7
end_of_record
SF:./app/use_cases/ab_test/apply_use_case.rb
DA:4,1
DA:5,1
DA:7,1
DA:8,1
DA:10,10
DA:11,10
DA:14,1
DA:15,10
DA:17,10
DA:19,8
DA:20,8
DA:21,8
DA:23,8
DA:26,1
DA:28,1
DA:29,8
DA:30,8
DA:31,8
DA:35,1
DA:37,8
DA:43,8
DA:46,1
DA:47,8
DA:48,8
DA:49,8
DA:52,1
DA:53,8
DA:54,8
DA:56,6
DA:60,1
DA:61,8
DA:62,8
DA:64,2
DA:68,1
DA:69,8
DA:71,16
DA:73,8
DA:74,6
DA:77,4
DA:81,4
DA:85,1
DA:86,12
DA:91,1
DA:93,12
DA:103,1
DA:105,20
DA:111,1
DA:112,8
DA:117,1
DA:118,10
DA:121,1
DA:122,8
DA:123,8
BRDA:17,0,1,8
BRDA:17,0,2,2
BRDA:54,0,3,2
BRDA:54,0,4,6
BRDA:62,0,5,6
BRDA:62,0,6,2
BRDA:74,0,7,2
BRDA:74,0,8,4
BRF:8
BRH:8
end_of_record
SF:./app/use_cases/ab_test/destroy_use_case.rb
DA:4,1
DA:5,1
DA:6,1
DA:8,3
DA:9,3
DA:12,1
DA:13,3
DA:14,2
DA:16,1
DA:18,1
DA:20,1
DA:23,1
DA:25,1
DA:26,1
DA:27,1
BRDA:14,0,1,1
BRDA:14,0,2,1
BRF:2
BRH:2
end_of_record
SF:./app/use_cases/ab_test/extend_use_case.rb
DA:4,1
DA:5,1
DA:7,1
DA:8,1
DA:10,5
DA:11,5
DA:14,1
DA:15,5
DA:17,5
DA:19,3
DA:23,3
DA:24,1
DA:26,1
DA:28,1
DA:31,1
DA:33,1
DA:34,1
DA:37,1
DA:38,5
DA:41,1
DA:42,1
DA:45,1
BRDA:17,0,1,3
BRDA:17,0,2,2
BRF:2
BRH:2
end_of_record
SF:./app/use_cases/ab_test/list_use_case.rb
DA:4,1
DA:5,1
DA:6,1
DA:7,10
DA:10,1
DA:11,10
DA:13,10
DA:16,1
DA:18,1
DA:19,10
DA:20,10
DA:21,10
DA:22,10
DA:23,10
DA:24,10
DA:27,1
DA:28,10
DA:31,1
DA:32,10
DA:34,0
DA:37,1
DA:38,10
DA:40,4
DA:41,4
DA:45,1
DA:46,10
DA:47,10
DA:48,10
DA:51,1
DA:52,10
DA:54,3
DA:55,3
DA:58,1
DA:59,10
DA:61,2
BRDA:32,0,1,10
BRDA:32,0,2,-
BRDA:38,0,3,6
BRDA:38,0,4,4
BRDA:46,0,5,1
BRDA:46,0,6,9
BRDA:47,0,7,1
BRDA:47,0,8,9
BRDA:52,0,9,7
BRDA:52,0,10,3
BRDA:59,0,11,8
BRDA:59,0,12,2
BRF:12
BRH:11
end_of_record
SF:./app/use_cases/ab_test/show_use_case.rb
DA:4,1
DA:5,1
DA:6,1
DA:7,3
DA:10,1
DA:11,3
DA:12,2
BRF:0
BRH:0
end_of_record
SF:./app/use_cases/ab_test/update_status_use_case.rb
DA:4,1
DA:5,1
DA:7,1
DA:8,1
DA:10,1
DA:12,8
DA:13,8
DA:16,1
DA:17,8
DA:19,8
DA:22,4
DA:25,1
DA:27,1
DA:28,4
DA:33,4
DA:35,4
DA:37,4
DA:39,4
DA:42,1
DA:43,8
DA:46,1
DA:47,4
DA:48,4
BRDA:19,0,1,4
BRDA:19,0,2,4
BRDA:33,0,3,1
BRDA:33,0,4,3
BRF:4
BRH:4
end_of_record
SF:./app/use_cases/ab_test/upsert_use_case.rb
DA:4,1
DA:5,1
DA:6,1
DA:8,41
DA:9,41
DA:12,1
DA:13,45
DA:14,45
DA:15,45
DA:19,1
DA:21,1
DA:22,45
DA:23,45
DA:24,42
DA:26,3
DA:28,42
DA:31,1
DA:32,42
DA:37,42
DA:39,40
DA:40,120
DA:43,40
DA:46,1
DA:47,3
DA:49,2
DA:52,2
DA:54,2
DA:56,2
DA:57,5
DA:60,2
DA:63,1
DA:64,125
DA:67,1
DA:68,45
DA:71,1
DA:72,44
DA:73,42
DA:76,1
DA:77,42
DA:78,42
DA:81,42
BRDA:23,0,1,42
BRDA:25,0,2,3
BRDA:22,0,3,42
BRDA:22,0,4,-
BRDA:47,0,5,2
BRDA:47,0,6,1
BRDA:77,0,7,40
BRDA:77,0,8,2
BRF:8
BRH:7
end_of_record
SF:./app/use_cases/ab_test/validate_interval_use_case.rb
DA:4,1
DA:5,1
DA:6,1
DA:7,1
DA:9,1
DA:10,1
DA:11,56
DA:14,1
DA:16,1
DA:17,56
DA:18,53
DA:20,49
DA:23,1
DA:25,1
DA:26,56
DA:30,1
DA:31,0
DA:34,1
DA:35,0
DA:38,1
DA:39,53
DA:45,1
DA:46,6
BRDA:17,0,1,3
BRDA:17,0,2,53
BRDA:18,0,3,4
BRDA:18,0,4,49
BRF:4
BRH:4
end_of_record
SF:./app/use_cases/ab_variation/assign_use_case.rb
DA:4,1
DA:5,1
DA:6,1
DA:7,29
DA:10,1
DA:11,29
DA:12,29
DA:14,3
DA:15,3
DA:17,3
DA:19,3
DA:22,1
DA:24,1
DA:25,3
DA:26,1
DA:28,2
BRDA:12,0,1,3
BRDA:12,0,2,2
BRDA:12,0,3,26
BRDA:12,0,4,3
BRDA:25,0,5,1
BRDA:27,0,6,2
BRF:6
BRH:6
end_of_record
SF:./app/use_cases/ab_variation/split_percentages_use_case.rb
DA:4,1
DA:5,1
DA:6,1
DA:7,144
DA:10,1
DA:11,122
DA:12,476
DA:15,1
DA:16,122
DA:17,499
DA:18,499
DA:22,1
DA:23,122
BRF:0
BRH:0
end_of_record
SF:./app/use_cases/alarm/consume_use_case.rb
DA:4,1
DA:5,1
DA:6,1
DA:11,9
DA:12,9
DA:13,9
DA:14,9
DA:15,9
DA:18,1
DA:19,8
DA:20,8
DA:21,8
DA:22,8
DA:26,1
DA:28,1
DA:29,5
DA:32,1
DA:33,8
DA:35,5
DA:36,1
DA:38,4
DA:42,1
DA:43,4
DA:44,4
DA:48,1
DA:49,1
DA:50,1
DA:54,1
DA:55,6
DA:56,5
DA:59,1
DA:60,8
DA:63,1
DA:64,3
DA:69,1
DA:70,3
DA:72,1
DA:74,2
DA:78,1
DA:79,8
DA:82,1
DA:83,13
DA:86,1
DA:87,8
BRDA:33,0,1,3
BRDA:33,0,2,5
BRDA:35,0,3,1
BRDA:37,0,4,4
BRDA:44,0,5,2
BRDA:44,0,6,2
BRDA:50,0,7,1
BRDA:50,0,8,-
BRDA:60,0,9,6
BRDA:60,0,10,2
BRDA:71,0,11,1
BRDA:73,0,12,2
BRDA:70,0,13,-
BRF:13
BRH:11
end_of_record
SF:./app/use_cases/alarm/create_multiple_use_case.rb
DA:4,1
DA:5,1
DA:6,1
DA:7,2
DA:10,1
DA:11,2
DA:12,2
BRF:0
BRH:0
end_of_record
SF:./app/use_cases/alarm/subscribe_use_case.rb
DA:4,1
DA:5,1
DA:7,1
DA:8,1
DA:9,1
DA:12,1
DA:13,1
DA:14,1
DA:15,1
DA:19,1
DA:21,1
DA:22,1
DA:30,1
DA:31,1
DA:32,1
DA:33,1
DA:34,1
BRF:0
BRH:0
end_of_record
SF:./app/use_cases/audit_log/audit_log_data_builder.rb
DA:4,1
DA:5,1
DA:6,1
DA:7,9
DA:10,1
DA:12,1
DA:14,3
DA:15,3
DA:16,3
DA:17,3
DA:22,1
DA:24,9
DA:35,1
DA:37,6
DA:45,1
DA:46,9
BRDA:15,0,1,1
BRDA:15,0,2,2
BRDA:16,0,3,1
BRDA:16,0,4,2
BRDA:17,0,5,1
BRDA:17,0,6,2
BRF:6
BRH:6
end_of_record
SF:./app/use_cases/audit_log/audit_log_use_case.rb
DA:4,1
DA:5,1
DA:6,1
DA:8,2
DA:9,2
DA:12,1
DA:13,2
DA:14,2
DA:16,0
DA:17,0
BRDA:16,0,1,-
BRDA:16,0,2,-
BRF:2
BRH:0
end_of_record
SF:./app/use_cases/batching_use_case.rb
DA:4,1
DA:5,1
DA:6,5
DA:7,5
DA:10,1
DA:11,5
DA:15,1
DA:16,5
DA:17,5
DA:19,5
DA:20,14
DA:21,14
DA:23,14
DA:25,11
DA:27,11
DA:29,11
DA:31,9
DA:36,1
DA:38,1
DA:39,5
DA:42,1
DA:43,9
DA:44,9
BRDA:23,0,1,3
BRDA:23,0,2,11
BRDA:25,0,3,11
BRDA:25,0,4,-
BRDA:29,0,5,2
BRDA:29,0,6,9
BRDA:39,0,7,5
BRDA:39,0,8,-
BRF:8
BRH:6
end_of_record
SF:./app/use_cases/clear_default_partition_use_case.rb
DA:4,1
DA:5,1
DA:9,7
DA:10,7
DA:11,7
DA:12,7
DA:13,7
DA:14,7
DA:15,7
DA:18,1
DA:19,7
DA:20,7
DA:21,7
DA:23,6
DA:25,6
DA:26,6
DA:27,6
DA:28,6
DA:31,1
DA:33,1
DA:34,6
DA:37,1
DA:38,7
DA:45,1
DA:46,6
DA:47,6
DA:50,1
DA:51,6
DA:53,6
DA:56,1
DA:57,6
DA:58,6
DA:59,6
DA:62,1
DA:63,5
DA:64,5
DA:67,5
DA:68,5
DA:71,1
DA:72,24
BRDA:21,0,1,6
BRDA:21,0,2,1
BRDA:28,0,3,5
BRDA:28,0,4,1
BRF:4
BRH:4
end_of_record
SF:./app/use_cases/controller_request_processor_use_case.rb
DA:4,1
DA:5,1
DA:6,121
DA:7,121
DA:8,121
DA:9,121
DA:10,121
DA:13,1
DA:14,121
DA:15,17
DA:17,17
DA:19,104
DA:23,1
DA:25,1
DA:26,104
DA:28,104
DA:29,81
DA:31,67
DA:33,23
BRDA:14,0,1,17
BRDA:18,0,2,104
BRDA:28,0,3,81
BRDA:32,0,4,23
BRF:4
BRH:4
end_of_record
SF:./app/use_cases/courier/assign_delivery_transition_use_case.rb
DA:4,1
DA:5,1
DA:6,1
DA:8,1
DA:9,47
DA:11,15
DA:12,15
DA:13,15
DA:17,1
DA:19,1
DA:20,47
BRDA:9,0,1,15
BRDA:9,0,2,32
BRF:2
BRH:2
end_of_record
SF:./app/use_cases/courier/consume_courier_event_use_case.rb
DA:4,1
DA:5,1
DA:6,1
DA:8,1
DA:9,10
DA:11,10
DA:12,10
DA:15,10
DA:17,10
DA:19,10
DA:23,1
DA:25,1
DA:28,21
DA:36,1
DA:38,21
DA:40,21
DA:42,21
DA:44,21
DA:45,21
DA:48,1
DA:49,26
DA:57,1
DA:58,20
DA:60,20
DA:62,20
DA:64,20
DA:70,20
DA:72,20
DA:75,1
DA:76,20
DA:77,20
DA:78,20
DA:79,20
DA:80,20
DA:81,20
DA:82,20
DA:83,20
DA:87,1
DA:88,5
DA:90,3
DA:91,3
DA:92,3
DA:95,1
DA:96,20
DA:101,1
DA:102,24
DA:105,1
DA:106,20
DA:109,1
DA:110,21
DA:112,19
BRDA:15,0,1,8
BRDA:15,0,2,2
BRDA:17,0,3,9
BRDA:17,0,4,1
BRDA:31,0,5,20
BRDA:31,0,6,1
BRDA:33,0,7,19
BRDA:33,0,8,2
BRDA:40,0,9,21
BRDA:40,0,10,-
BRDA:53,0,11,7
BRDA:53,0,12,19
BRDA:60,0,13,20
BRDA:60,0,14,-
BRDA:62,0,15,20
BRDA:62,0,16,-
BRDA:80,0,17,20
BRDA:80,0,18,-
BRDA:88,0,19,2
BRDA:88,0,20,3
BRDA:110,0,21,2
BRDA:110,0,22,19
BRDA:112,0,23,18
BRDA:112,0,24,1
BRF:24
BRH:20
end_of_record
SF:./app/use_cases/courier/consume_courier_location_changed_event_use_case.rb
DA:4,1
DA:5,1
DA:6,1
DA:8,1
DA:9,8
DA:10,8
DA:11,8
DA:12,8
DA:14,3
DA:17,1
DA:19,1
DA:20,8
DA:23,1
DA:24,0
DA:26,0
DA:29,1
DA:30,8
DA:32,7
DA:35,1
DA:36,3
DA:38,3
BRDA:12,0,1,3
BRDA:12,0,2,5
BRDA:24,0,3,-
BRDA:24,0,4,-
BRDA:30,0,5,1
BRDA:30,0,6,7
BRF:6
BRH:4
end_of_record
SF:./app/use_cases/courier/consume_courier_status_event_use_case.rb
DA:4,1
DA:5,1
DA:6,1
DA:8,1
DA:15,15
DA:18,1
DA:19,11
DA:20,11
DA:22,11
DA:23,11
DA:25,11
DA:26,11
DA:27,11
DA:30,11
DA:33,1
DA:35,1
DA:36,11
DA:37,11
DA:38,11
DA:40,11
DA:41,11
BRDA:40,0,1,10
BRDA:40,0,2,1
BRDA:41,0,3,11
BRDA:41,0,4,-
BRF:4
BRH:3
end_of_record
SF:./app/use_cases/courier/consume_courier_updated_event_use_case.rb
DA:4,1
DA:5,1
DA:6,1
DA:8,1
DA:9,5
DA:11,5
DA:12,5
BRF:0
BRH:0
end_of_record
SF:./app/use_cases/courier/list_issues_use_case.rb
DA:4,1
DA:5,1
DA:6,1
DA:7,6
DA:10,6
DA:14,1
DA:16,1
DA:17,123
DA:20,0
DA:23,1
DA:24,123
DA:27,1
DA:29,6
DA:30,4
BRF:0
BRH:0
end_of_record
SF:./app/use_cases/courier/preload_location_changed_event_use_case.rb
DA:4,0
DA:5,0
DA:6,0
DA:7,0
DA:8,0
DA:10,0
DA:11,0
DA:12,0
DA:13,0
DA:14,0
DA:15,0
DA:17,0
DA:19,0
DA:20,0
DA:21,0
DA:22,0
DA:23,0
DA:24,0
DA:25,0
DA:27,0
DA:28,0
DA:30,0
DA:31,0
DA:32,0
DA:33,0
DA:34,0
DA:36,0
DA:37,0
DA:38,0
DA:39,0
DA:41,0
DA:42,0
DA:43,0
DA:44,0
DA:46,0
DA:47,0
DA:48,0
DA:50,0
DA:51,0
DA:52,0
DA:53,0
DA:54,0
BRF:0
BRH:0
end_of_record
SF:./app/use_cases/delivery/assign_delivery_transition_use_case.rb
DA:4,1
DA:5,1
DA:6,1
DA:7,65
DA:10,1
DA:11,46
DA:13,46
DA:14,46
DA:15,46
DA:16,46
DA:17,46
BRF:0
BRH:0
end_of_record
SF:./app/use_cases/delivery/complete_stuck_use_case.rb
DA:4,1
DA:5,1
DA:6,1
DA:7,2
DA:10,1
DA:11,2
DA:19,1
DA:21,1
DA:22,2
DA:25,1
DA:26,2
BRF:0
BRH:0
end_of_record
SF:./app/use_cases/delivery/consume_delivery_acknowledged_use_case.rb
DA:4,1
DA:5,1
DA:6,1
DA:8,1
DA:10,1
DA:12,9
DA:13,9
DA:16,1
DA:17,8
DA:18,8
DA:19,6
DA:21,6
DA:22,6
DA:24,6
DA:27,1
DA:29,1
DA:30,6
DA:33,1
DA:34,2
DA:37,1
DA:38,6
DA:42,6
DA:43,6
BRDA:21,0,1,2
BRDA:21,0,2,4
BRF:2
BRH:2
end_of_record
SF:./app/use_cases/delivery/consume_delivery_cancelled_event_use_case.rb
DA:4,1
DA:5,1
DA:6,1
DA:7,9
DA:10,1
DA:11,8
BRF:0
BRH:0
end_of_record
SF:./app/use_cases/delivery/consume_delivery_enqueued_event_use_case.rb
DA:4,1
DA:5,1
DA:6,1
DA:7,2
DA:10,2
DA:15,1
DA:16,2
DA:18,2
DA:20,2
DA:26,1
DA:27,2
BRF:0
BRH:0
end_of_record
SF:./app/use_cases/delivery/consume_delivery_event_use_case.rb
DA:4,1
DA:5,1
DA:6,1
DA:8,1
DA:15,61
DA:16,61
DA:18,61
DA:19,61
DA:22,1
DA:23,54
DA:24,51
DA:27,3
DA:30,1
DA:32,1
DA:33,54
DA:34,54
DA:36,51
DA:38,51
DA:39,45
DA:41,51
DA:45,1
DA:46,50
DA:59,1
DA:60,6
DA:63,1
DA:64,54
DA:66,51
DA:68,51
DA:71,1
DA:72,51
DA:75,1
DA:76,54
DA:79,1
DA:80,51
DA:82,40
DA:85,1
DA:86,49
BRDA:38,0,1,45
BRDA:38,0,2,6
BRDA:80,0,3,40
BRDA:80,0,4,11
BRF:4
BRH:4
end_of_record
SF:./app/use_cases/delivery/consume_delivery_manual_undispatched_event_use_case.rb
DA:4,1
DA:5,1
DA:6,1
DA:7,2
DA:8,2
DA:9,2
DA:12,1
DA:14,1
DA:15,2
DA:21,1
DA:22,2
DA:26,2
DA:27,2
BRF:0
BRH:0
end_of_record
SF:./app/use_cases/delivery/consume_dispatching_issue_created_event_use_case.rb
DA:4,1
DA:5,1
DA:6,1
DA:7,9
DA:8,9
DA:11,1
DA:12,9
DA:13,9
DA:15,7
DA:17,6
DA:20,1
DA:22,1
DA:23,9
DA:25,9
DA:27,6
DA:30,1
DA:31,6
DA:34,1
DA:35,9
DA:41,1
DA:43,6
DA:51,1
DA:52,6
DA:53,6
DA:61,1
DA:62,1
BRDA:15,0,1,1
BRDA:15,0,2,6
BRDA:25,0,3,3
BRDA:25,0,4,6
BRDA:31,0,5,3
BRDA:31,0,6,3
BRF:6
BRH:6
end_of_record
SF:./app/use_cases/delivery/dispatch_service/consume_delivery_dispatched_event_use_case.rb
DA:4,1
DA:5,1
DA:6,1
DA:7,1
DA:9,1
DA:10,1
DA:12,1
DA:16,23
DA:19,1
DA:20,22
DA:22,18
DA:24,17
DA:26,2
DA:29,1
DA:31,1
DA:32,15
DA:33,3
DA:35,12
DA:38,15
DA:41,1
DA:42,1
DA:50,1
DA:51,12
DA:54,12
DA:56,12
DA:57,12
DA:59,24
DA:60,12
DA:61,12
DA:65,1
DA:66,12
DA:68,12
DA:71,1
DA:72,12
DA:78,1
DA:79,8
DA:82,1
DA:83,12
DA:90,1
DA:91,17
DA:92,17
DA:93,2
DA:98,1
DA:99,22
DA:100,22
DA:101,4
DA:106,1
DA:107,5
DA:110,1
DA:111,2
BRDA:22,0,1,1
BRDA:22,0,2,17
BRDA:32,0,3,3
BRDA:34,0,4,12
BRDA:54,0,5,-
BRDA:54,0,6,12
BRDA:92,0,7,2
BRDA:92,0,8,15
BRDA:100,0,9,4
BRDA:100,0,10,18
BRF:10
BRH:9
end_of_record
SF:./app/use_cases/delivery/dispatch_service/consume_delivery_undispatched_event_use_case.rb
DA:4,1
DA:5,1
DA:6,1
DA:7,1
DA:8,6
DA:9,6
DA:10,6
DA:13,1
DA:14,4
DA:17,1
DA:19,1
DA:20,4
BRF:0
BRH:0
end_of_record
SF:./app/use_cases/delivery/dispatch_service/preload_delivery_event_use_case.rb
DA:4,1
DA:5,1
DA:6,1
DA:7,1
DA:8,10
DA:9,10
DA:11,10
DA:12,10
DA:13,10
DA:14,10
DA:15,10
DA:19,1
DA:20,20
DA:21,10
DA:24,1
DA:25,20
DA:26,10
BRF:0
BRH:0
end_of_record
SF:./app/use_cases/delivery/upsert_use_case.rb
DA:4,1
DA:5,1
DA:6,1
DA:8,1
DA:9,65
DA:12,1
DA:13,55
DA:15,55
DA:17,46
DA:18,46
DA:19,46
DA:21,46
DA:22,46
DA:27,1
DA:29,1
DA:30,46
DA:31,46
DA:32,46
DA:33,46
DA:34,46
DA:35,46
DA:39,1
DA:40,55
BRDA:15,0,1,46
BRDA:15,0,2,9
BRDA:22,0,3,3
BRDA:22,0,4,43
BRF:4
BRH:4
end_of_record
SF:./app/use_cases/delivery_transition/update_metadata_use_case.rb
DA:4,1
DA:5,1
DA:6,1
DA:7,1
DA:8,1
DA:15,1
DA:16,15
DA:19,1
DA:20,13
DA:21,13
DA:23,13
DA:25,9
DA:26,9
DA:30,1
DA:32,1
DA:33,9
DA:35,9
DA:41,1
DA:42,9
DA:43,9
DA:45,9
DA:48,1
DA:49,9
DA:50,14
DA:54,1
DA:55,5
DA:58,1
DA:59,9
DA:67,1
DA:68,13
DA:71,1
DA:72,10
BRDA:23,0,1,9
BRDA:23,0,2,4
BRDA:26,0,3,5
BRDA:26,0,4,4
BRDA:43,0,5,4
BRDA:43,0,6,5
BRF:6
BRH:6
end_of_record
SF:./app/use_cases/drop_partitions_use_case.rb
DA:4,1
DA:5,1
DA:6,25
DA:7,25
DA:8,25
DA:9,25
DA:12,1
DA:14,1
DA:15,25
DA:16,65
DA:17,19
DA:20,1
DA:21,25
DA:22,25
DA:23,65
DA:24,65
BRF:0
BRH:0
end_of_record
SF:./app/use_cases/export_application_metrics_use_case.rb
DA:4,1
DA:5,1
DA:7,1
DA:8,5
DA:11,1
DA:12,5
DA:13,5
DA:14,5
DA:15,5
DA:16,5
DA:19,1
DA:21,1
DA:22,2
DA:23,4
DA:28,1
DA:29,1
DA:30,9
DA:35,1
DA:36,1
DA:37,8
DA:42,1
DA:43,1
DA:44,42
DA:51,1
DA:52,1
DA:53,42
DA:60,1
DA:61,1
DA:62,1
DA:64,1
DA:67,1
DA:68,1
DA:70,1
DA:73,1
DA:74,1
DA:75,1
DA:77,1
DA:80,1
DA:81,1
DA:82,1
DA:84,1
DA:87,1
DA:88,2
DA:89,4
DA:93,1
DA:94,108
BRF:0
BRH:0
end_of_record
SF:./app/use_cases/export_circuit_stats_use_case.rb
DA:4,1
DA:5,1
DA:8,1
DA:13,1
DA:14,1
DA:17,1
DA:18,1
DA:19,3
BRF:0
BRH:0
end_of_record
SF:./app/use_cases/export_sidekiq_queue_metrics_use_case.rb
DA:4,1
DA:5,1
DA:7,1
DA:8,1
DA:11,1
DA:12,1
DA:15,1
DA:18,1
DA:19,2
DA:23,1
DA:26,1
DA:27,1
DA:30,1
DA:34,1
DA:35,4
DA:36,2
DA:38,0
DA:39,0
BRDA:36,0,1,2
BRDA:36,0,2,-
BRF:2
BRH:1
end_of_record
SF:./app/use_cases/geo_object/consume_delay_updated_use_case.rb
DA:4,1
DA:5,1
DA:6,1
DA:7,4
DA:8,4
DA:9,4
DA:12,1
DA:14,1
DA:15,4
DA:16,2
BRF:0
BRH:0
end_of_record
SF:./app/use_cases/geo_object/upsert_city_use_case.rb
DA:4,1
DA:5,1
DA:6,1
DA:7,3
DA:8,3
DA:9,3
DA:10,3
DA:11,3
DA:13,3
DA:17,1
DA:19,1
DA:20,3
BRF:0
BRH:0
end_of_record
SF:./app/use_cases/geo_object/upsert_starting_point_use_case.rb
DA:4,1
DA:5,1
DA:6,1
DA:7,4
DA:8,4
DA:9,2
DA:10,2
DA:14,1
DA:16,1
DA:17,4
DA:18,4
DA:19,3
DA:20,2
DA:21,2
DA:24,1
DA:25,4
DA:28,1
DA:29,3
DA:32,1
DA:33,4
BRF:0
BRH:0
end_of_record
SF:./app/use_cases/geo_object/upsert_use_case.rb
DA:4,1
DA:5,1
DA:6,1
DA:7,6
DA:8,6
DA:9,6
DA:11,5
DA:14,1
DA:16,1
DA:17,5
DA:20,1
DA:21,6
DA:25,1
DA:26,6
BRDA:9,0,1,5
BRDA:9,0,2,1
BRF:2
BRH:2
end_of_record
SF:./app/use_cases/geo_object/upsert_zone_use_case.rb
DA:4,1
DA:5,1
DA:6,1
DA:7,4
DA:8,4
DA:9,3
DA:10,3
DA:14,1
DA:16,1
DA:17,4
DA:18,4
DA:19,3
DA:20,3
DA:23,1
DA:24,4
DA:27,1
DA:28,4
BRF:0
BRH:0
end_of_record
SF:./app/use_cases/geofence/create_for_delivery_use_case.rb
DA:4,1
DA:5,1
DA:7,1
DA:8,1
DA:9,1
DA:10,2
DA:11,2
DA:13,2
BRF:0
BRH:0
end_of_record
SF:./app/use_cases/geofence/create_use_case.rb
DA:4,1
DA:5,1
DA:6,1
DA:7,2
DA:10,1
DA:11,2
DA:12,2
DA:15,1
DA:17,1
DA:18,2
BRF:0
BRH:0
end_of_record
SF:./app/use_cases/geofence/delete_use_case.rb
DA:4,1
DA:5,1
DA:6,1
DA:7,2
DA:10,1
DA:11,2
BRF:0
BRH:0
end_of_record
SF:./app/use_cases/geofence/handle_callback_use_case.rb
DA:4,1
DA:5,1
DA:6,1
DA:7,3
DA:8,3
DA:10,3
DA:12,3
DA:14,2
DA:16,2
DA:17,1
DA:19,1
DA:23,1
DA:25,1
DA:26,2
DA:35,1
DA:36,3
DA:39,1
DA:40,1
BRDA:12,0,1,1
BRDA:12,0,2,2
BRDA:16,0,3,1
BRDA:18,0,4,1
BRF:4
BRH:4
end_of_record
SF:./app/use_cases/geofence/handle_deprecated_use_case.rb
DA:4,1
DA:5,1
DA:6,1
DA:7,10
DA:9,2
DA:10,2
DA:13,1
DA:14,2
DA:17,1
DA:18,2
DA:27,1
DA:28,0
BRDA:7,0,1,2
BRDA:7,0,2,8
BRDA:21,0,3,2
BRDA:21,0,4,-
BRDA:22,0,5,2
BRDA:22,0,6,-
BRF:6
BRH:4
end_of_record
SF:./app/use_cases/geofence/handle_enter_callback_use_case.rb
DA:4,1
DA:5,1
DA:7,1
DA:11,1
DA:12,2
DA:13,2
DA:16,1
DA:18,1
DA:19,2
DA:20,0
DA:23,2
DA:26,1
DA:27,0
DA:36,1
DA:37,2
DA:39,2
DA:41,2
DA:44,1
DA:45,2
BRDA:19,0,1,-
BRDA:19,0,2,2
BRDA:39,0,3,-
BRDA:39,0,4,2
BRF:4
BRH:2
end_of_record
SF:./app/use_cases/geofence/handle_exit_callback_use_case.rb
DA:4,1
DA:5,1
DA:7,1
DA:13,1
DA:16,2
DA:17,2
DA:20,1
DA:21,2
DA:22,2
DA:25,1
DA:27,1
DA:28,2
DA:30,2
DA:33,1
DA:34,0
DA:40,0
DA:42,0
DA:45,1
DA:46,2
DA:48,2
DA:49,2
DA:54,1
DA:55,2
DA:60,1
DA:61,2
DA:64,1
DA:65,2
BRDA:28,0,1,-
BRDA:28,0,2,2
BRDA:40,0,3,-
BRDA:40,0,4,-
BRF:4
BRH:1
end_of_record
SF:./app/use_cases/health_check/check_use_case.rb
DA:4,1
DA:5,1
DA:6,1
DA:8,1
DA:12,5
DA:13,5
DA:14,5
DA:17,1
DA:18,5
DA:19,5
DA:20,5
DA:21,5
DA:22,5
DA:25,1
DA:27,1
DA:28,5
DA:29,10
DA:31,5
DA:34,1
DA:35,5
DA:38,1
DA:40,5
DA:44,1
DA:45,5
DA:48,1
DA:49,5
DA:51,1
DA:54,1
DA:56,5
DA:62,1
DA:63,18
DA:65,5
DA:67,5
BRDA:65,0,1,3
BRDA:65,0,2,2
BRF:2
BRH:2
end_of_record
SF:./app/use_cases/health_check/database_check_use_case.rb
DA:4,1
DA:5,1
DA:6,1
DA:8,1
DA:11,2
DA:14,1
DA:15,8
DA:16,8
DA:19,1
DA:20,8
DA:21,7
DA:25,1
DA:26,5
BRDA:21,0,1,7
BRDA:21,0,2,-
BRF:2
BRH:1
end_of_record
SF:./app/use_cases/health_check/sidekiq_check_use_case.rb
DA:4,1
DA:5,1
DA:6,1
DA:8,1
DA:9,8
DA:12,1
DA:13,8
DA:15,7
DA:16,7
DA:18,7
DA:19,7
DA:21,1
DA:22,1
DA:25,1
DA:26,5
DA:29,1
DA:31,1
DA:32,29
DA:35,1
DA:36,8
DA:39,1
DA:41,8
DA:44,8
BRF:0
BRH:0
end_of_record
SF:./app/use_cases/issue/actions/base_action.rb
DA:4,1
DA:5,1
DA:6,1
DA:7,1
DA:9,1
DA:10,1
DA:12,1
DA:13,1
DA:16,1
DA:17,25
DA:20,1
DA:21,25
DA:27,1
DA:28,109
DA:31,1
DA:32,21
BRF:0
BRH:0
end_of_record
SF:./app/use_cases/issue/actions/cancel_order_use_case.rb
DA:4,1
DA:5,1
DA:6,1
DA:7,1
DA:9,1
DA:10,1
DA:11,1
DA:12,1
DA:16,1
DA:17,3
DA:20,1
DA:21,3
DA:23,2
DA:24,1
DA:28,1
DA:30,1
DA:31,1
BRDA:21,0,1,1
BRDA:21,0,2,2
BRF:2
BRH:2
end_of_record
SF:./app/use_cases/issue/actions/change_courier_status_from_ready_to_starting_use_case.rb
DA:4,1
DA:5,1
DA:6,1
DA:7,1
DA:9,1
DA:10,2
DA:11,2
DA:14,1
DA:15,2
DA:17,2
DA:18,2
DA:19,1
DA:21,1
DA:26,1
DA:28,1
DA:29,1
DA:33,1
DA:34,1
BRDA:15,0,1,-
BRDA:15,0,2,2
BRDA:18,0,3,1
BRDA:20,0,4,1
BRF:4
BRH:3
end_of_record
SF:./app/use_cases/issue/actions/complete_delivery_use_case.rb
DA:4,1
DA:5,1
DA:6,1
DA:7,1
DA:9,1
DA:10,1
DA:13,1
DA:14,1
DA:16,1
DA:17,1
BRDA:14,0,1,-
BRDA:14,0,2,1
BRF:2
BRH:1
end_of_record
SF:./app/use_cases/issue/actions/end_current_shift_use_case.rb
DA:4,1
DA:5,1
DA:6,1
DA:7,1
DA:9,1
DA:12,6
DA:13,6
DA:16,1
DA:17,6
DA:19,6
DA:21,4
DA:22,4
DA:23,2
BRDA:13,0,1,2
BRDA:13,0,2,4
BRDA:19,0,3,2
BRDA:19,0,4,4
BRF:4
BRH:4
end_of_record
SF:./app/use_cases/issue/actions/put_courier_on_break_and_end_shift_in_use_case.rb
DA:4,1
DA:5,1
DA:6,1
DA:10,1
DA:13,1
DA:21,1
DA:24,4
DA:25,4
DA:28,1
DA:29,4
DA:31,3
DA:32,3
DA:34,2
DA:35,2
DA:37,2
DA:38,2
DA:42,1
DA:44,1
DA:45,2
DA:46,2
DA:49,1
DA:50,3
DA:57,1
DA:58,2
DA:62,1
DA:63,2
DA:66,1
DA:67,2
BRDA:25,0,1,1
BRDA:25,0,2,3
BRDA:29,0,3,3
BRDA:29,0,4,1
BRDA:32,0,5,2
BRDA:32,0,6,-
BRDA:32,0,7,1
BRDA:32,0,8,2
BRF:8
BRH:7
end_of_record
SF:./app/use_cases/issue/actions/put_courier_on_break_use_case.rb
DA:4,1
DA:5,1
DA:6,1
DA:8,1
DA:16,1
DA:17,3
DA:18,3
DA:21,1
DA:22,3
DA:24,2
DA:25,2
DA:29,1
DA:31,1
DA:32,2
DA:35,1
DA:36,2
DA:37,1
DA:41,1
BRDA:22,0,1,1
BRDA:22,0,2,2
BRDA:36,0,3,1
BRDA:40,0,4,1
BRF:4
BRH:4
end_of_record
SF:./app/use_cases/issue/actions/put_courier_on_temp_not_working_use_case.rb
DA:4,1
DA:5,1
DA:6,1
DA:8,1
DA:16,1
DA:18,1
DA:19,2
DA:20,2
DA:23,1
DA:24,2
DA:26,2
DA:27,2
DA:31,1
DA:33,1
DA:34,2
DA:37,1
DA:38,2
DA:39,1
DA:43,1
BRDA:24,0,1,-
BRDA:24,0,2,2
BRDA:38,0,3,1
BRDA:42,0,4,1
BRF:4
BRH:3
end_of_record
SF:./app/use_cases/issue/actions/road_runner_notification_use_case.rb
DA:4,1
DA:5,1
DA:6,1
DA:7,1
DA:9,1
DA:11,1
DA:12,2
DA:15,1
DA:16,2
DA:17,2
DA:19,1
DA:20,1
DA:23,1
DA:25,1
DA:26,1
DA:27,1
DA:31,1
DA:32,1
BRDA:17,0,1,1
BRDA:17,0,2,1
BRF:2
BRH:2
end_of_record
SF:./app/use_cases/issue/actions/show_on_issue_watchlist_use_case.rb
DA:4,1
DA:5,1
DA:6,1
DA:7,1
DA:9,1
DA:11,1
DA:12,1
DA:13,1
DA:17,1
DA:18,1
BRF:0
BRH:0
end_of_record
SF:./app/use_cases/issue/actions/twilio_autocall_use_case.rb
DA:4,1
DA:5,1
DA:6,1
DA:7,1
DA:9,1
DA:27,1
DA:39,1
DA:40,2
DA:43,1
DA:44,2
DA:46,2
DA:48,1
DA:49,1
DA:51,1
DA:52,1
DA:56,1
DA:58,1
DA:59,1
DA:62,1
DA:63,1
BRDA:46,0,1,1
BRDA:46,0,2,1
BRF:2
BRH:2
end_of_record
SF:./app/use_cases/issue/actions/undispatch_and_exclude_courier_use_case.rb
DA:4,1
DA:5,1
DA:6,1
DA:7,1
DA:9,1
DA:10,3
DA:13,1
DA:14,3
DA:16,3
DA:18,3
DA:19,3
BRDA:14,0,1,-
BRDA:14,0,2,3
BRF:2
BRH:1
end_of_record
SF:./app/use_cases/issue/actions/undispatch_and_exclude_vehicle_use_case.rb
DA:4,1
DA:5,1
DA:6,1
DA:7,1
DA:9,1
DA:10,2
DA:13,1
DA:14,2
DA:16,2
DA:18,2
DA:19,2
BRDA:14,0,1,-
BRDA:14,0,2,2
BRF:2
BRH:1
end_of_record
SF:./app/use_cases/issue/actions/undispatch_delivery_use_case.rb
DA:4,1
DA:5,1
DA:6,1
DA:7,1
DA:9,1
DA:10,2
DA:13,1
DA:14,2
DA:16,2
DA:18,2
DA:19,2
BRDA:14,0,1,-
BRDA:14,0,2,2
BRF:2
BRH:1
end_of_record
SF:./app/use_cases/issue/arg_builder.rb
DA:4,1
DA:5,1
DA:6,1
DA:8,1
DA:9,10
DA:12,1
DA:13,2
DA:16,1
DA:17,5
DA:20,1
DA:21,7
DA:24,1
DA:25,1
DA:28,1
DA:29,1
DA:32,1
DA:34,104
DA:39,104
DA:42,1
DA:44,116
BRF:0
BRH:0
end_of_record
SF:./app/use_cases/issue/base_courier_issue_generator.rb
DA:4,1
DA:5,1
DA:6,1
DA:7,1
DA:9,1
DA:11,1
DA:12,39
DA:13,39
DA:16,2
DA:17,1
DA:18,12
BRF:0
BRH:0
end_of_record
SF:./app/use_cases/issue/base_delivery_issue_generator.rb
DA:4,1
DA:5,1
DA:6,1
DA:7,1
DA:9,1
DA:10,701
DA:13,2
DA:14,1
DA:15,52
DA:25,1
DA:26,15
DA:28,15
DA:33,5
DA:36,10
DA:39,1
DA:41,1
DA:42,0
BRDA:20,0,1,52
BRDA:20,0,2,-
BRDA:32,0,3,5
BRDA:28,0,4,10
BRDA:42,0,5,-
BRDA:42,0,6,-
BRF:6
BRH:3
end_of_record
SF:./app/use_cases/issue/base_issue_generator.rb
DA:4,1
DA:5,1
DA:6,1
DA:7,1
DA:8,1
DA:10,1
DA:13,243
DA:14,243
DA:15,243
DA:16,243
DA:19,2
DA:20,1
DA:21,153
DA:24,2
DA:25,1
DA:27,2
DA:28,1
DA:30,2
DA:31,1
DA:33,2
DA:34,1
DA:36,1
DA:37,1
DA:40,1
DA:41,3
DA:44,1
DA:46,1
DA:47,192
BRDA:21,0,1,64
BRDA:21,0,2,88
BRF:2
BRH:2
end_of_record
SF:./app/use_cases/issue/check_and_try_to_resolve_use_case.rb
DA:4,1
DA:5,1
DA:6,1
DA:7,2
DA:9,2
DA:12,1
DA:14,1
DA:15,1
DA:18,1
DA:19,1
BRDA:9,0,1,1
BRDA:9,0,2,1
BRF:2
BRH:2
end_of_record
SF:./app/use_cases/issue/conditions/args.rb
DA:4,1
DA:5,1
DA:6,1
DA:7,1
DA:8,310
DA:9,994
DA:10,310
DA:13,1
DA:14,110
BRF:0
BRH:0
end_of_record
SF:./app/use_cases/issue/conditions/base_condition.rb
DA:4,1
DA:5,1
DA:6,1
DA:7,1
DA:8,1
DA:11,1
DA:17,1
DA:19,2
DA:29,1
DA:30,157
DA:32,157
DA:33,157
DA:35,156
DA:38,1
DA:39,77
DA:42,1
DA:43,94
DA:44,94
DA:47,1
DA:48,1
DA:51,1
DA:52,208
DA:55,1
DA:56,7566
DA:57,7566
DA:58,7938
DA:62,1
DA:64,1
DA:65,0
DA:66,0
DA:67,0
DA:69,0
DA:73,1
DA:74,0
BRDA:33,0,1,1
BRDA:33,0,2,156
BRDA:66,0,3,-
BRDA:68,0,4,-
BRF:4
BRH:2
end_of_record
SF:./app/use_cases/issue/conditions/check_break_request_reasons_use_case.rb
DA:4,1
DA:5,1
DA:6,1
DA:7,1
DA:8,1
DA:10,1
DA:11,1
DA:12,10
DA:14,10
DA:17,1
DA:19,10
DA:24,1
DA:26,1
DA:27,1
DA:30,1
DA:31,284
DA:34,1
DA:36,1
DA:37,9
DA:38,9
BRF:0
BRH:0
end_of_record
SF:./app/use_cases/issue/conditions/check_cancel_reason_use_case.rb
DA:4,1
DA:5,1
DA:6,1
DA:7,1
DA:8,1
DA:10,1
DA:11,1
DA:12,19
DA:14,19
DA:17,1
DA:18,11
DA:21,1
DA:22,11
DA:25,1
DA:26,2
DA:29,1
DA:30,288
DA:33,1
DA:35,1
DA:37,1
DA:38,9
DA:39,9
BRF:0
BRH:0
end_of_record
SF:./app/use_cases/issue/conditions/check_city_use_case.rb
DA:4,1
DA:5,1
DA:6,1
DA:7,1
DA:8,1
DA:10,1
DA:11,1
DA:12,11
DA:14,11
DA:15,11
DA:18,1
DA:20,9
DA:25,1
DA:26,281
BRF:0
BRH:0
end_of_record
SF:./app/use_cases/issue/conditions/check_contract_type_use_case.rb
DA:4,1
DA:5,1
DA:6,1
DA:7,1
DA:9,1
DA:13,1
DA:14,1
DA:15,6
DA:17,5
DA:19,5
DA:20,5
DA:23,1
DA:25,1
DA:30,1
DA:31,281
DA:34,1
DA:36,1
DA:37,1
BRDA:15,0,1,1
BRDA:15,0,2,5
BRF:2
BRH:2
end_of_record
SF:./app/use_cases/issue/conditions/check_courier_dispatching_mode_use_case.rb
DA:4,1
DA:5,1
DA:6,1
DA:8,1
DA:11,1
DA:12,1
DA:13,5
DA:15,5
DA:17,5
DA:20,1
DA:21,281
BRDA:13,0,1,-
BRDA:13,0,2,5
BRF:2
BRH:1
end_of_record
SF:./app/use_cases/issue/conditions/check_courier_notified_times_use_case.rb
DA:4,1
DA:5,1
DA:6,1
DA:8,1
DA:11,1
DA:12,1
DA:13,4
DA:15,3
DA:19,1
DA:20,281
DA:23,1
DA:25,1
DA:26,3
DA:32,1
DA:33,3
BRDA:13,0,1,1
BRDA:13,0,2,3
BRF:2
BRH:2
end_of_record
SF:./app/use_cases/issue/conditions/check_courier_state_use_case.rb
DA:4,1
DA:5,1
DA:6,1
DA:8,1
DA:11,1
DA:12,1
DA:13,7
DA:15,7
DA:17,7
DA:20,1
DA:21,281
BRDA:13,0,1,-
BRDA:13,0,2,7
BRF:2
BRH:1
end_of_record
SF:./app/use_cases/issue/conditions/check_courier_zone_delay.rb
DA:4,1
DA:5,1
DA:6,1
DA:7,1
DA:10,1
DA:14,1
DA:15,1
DA:16,25
DA:18,25
DA:21,1
DA:23,25
DA:28,1
DA:29,25
DA:30,12
DA:32,13
DA:36,1
DA:37,12
DA:40,1
DA:41,13
DA:42,13
DA:44,13
DA:47,1
DA:48,281
BRDA:29,0,1,12
BRDA:31,0,2,13
BRF:2
BRH:2
end_of_record
SF:./app/use_cases/issue/conditions/check_delivery_state_use_case.rb
DA:4,1
DA:5,1
DA:6,1
DA:8,1
DA:26,1
DA:27,1
DA:28,5
DA:30,5
DA:31,5
DA:34,1
DA:35,281
BRDA:28,0,1,-
BRDA:28,0,2,5
BRF:2
BRH:1
end_of_record
SF:./app/use_cases/issue/conditions/check_food_is_ready_use_case.rb
DA:4,1
DA:5,1
DA:6,1
DA:9,1
DA:15,1
DA:16,1
DA:17,4
DA:19,4
DA:22,1
DA:23,4
DA:26,1
DA:27,281
BRDA:17,0,1,-
BRDA:17,0,2,4
BRF:2
BRH:1
end_of_record
SF:./app/use_cases/issue/conditions/check_issue_consecutive_times_during_shift_use_case.rb
DA:5,1
DA:6,1
DA:7,1
DA:10,1
DA:12,1
DA:16,1
DA:23,1
DA:24,1
DA:25,7
DA:26,7
DA:29,1
DA:30,281
BRF:0
BRH:0
end_of_record
SF:./app/use_cases/issue/conditions/check_issue_created_times_for_delivery_use_case.rb
DA:4,1
DA:5,1
DA:6,1
DA:9,1
DA:11,1
DA:15,1
DA:16,1
DA:17,3
DA:19,2
DA:22,1
DA:23,281
DA:26,1
DA:28,1
DA:29,2
DA:32,1
DA:33,2
DA:36,1
DA:37,2
BRDA:17,0,1,1
BRDA:17,0,2,2
BRF:2
BRH:2
end_of_record
SF:./app/use_cases/issue/conditions/check_issue_more_than_consecutive_times_during_shift_use_case.rb
DA:5,1
DA:6,1
DA:7,1
DA:10,1
DA:12,1
DA:16,1
DA:23,1
DA:24,1
DA:25,7
DA:26,7
DA:29,1
DA:30,281
BRF:0
BRH:0
end_of_record
SF:./app/use_cases/issue/conditions/check_issue_occurred_consecutive_times_within_timeframe_use_case.rb
DA:5,1
DA:6,1
DA:7,1
DA:10,1
DA:17,1
DA:22,1
DA:26,1
DA:32,1
DA:33,1
DA:34,8
DA:35,8
DA:38,1
DA:39,281
BRF:0
BRH:0
end_of_record
SF:./app/use_cases/issue/conditions/check_issue_occurred_more_than_times_during_shift_use_case.rb
DA:5,1
DA:6,1
DA:7,1
DA:9,1
DA:15,1
DA:21,1
DA:22,1
DA:23,4
DA:24,4
DA:27,1
DA:28,281
BRF:0
BRH:0
end_of_record
SF:./app/use_cases/issue/conditions/check_issue_occurred_times_during_shift_use_case.rb
DA:5,1
DA:6,1
DA:7,1
DA:9,1
DA:15,1
DA:21,1
DA:22,1
DA:23,4
DA:24,4
DA:27,1
DA:28,281
BRF:0
BRH:0
end_of_record
SF:./app/use_cases/issue/conditions/check_issue_occurred_times_within_timeframe_use_case.rb
DA:5,1
DA:6,1
DA:7,1
DA:10,1
DA:17,1
DA:22,1
DA:26,1
DA:31,1
DA:32,1
DA:33,8
DA:34,8
DA:37,1
DA:38,281
BRF:0
BRH:0
end_of_record
SF:./app/use_cases/issue/conditions/check_issue_occurred_use_case.rb
DA:4,1
DA:5,1
DA:6,1
DA:8,1
DA:14,1
DA:19,1
DA:30,1
DA:32,1
DA:37,1
DA:38,1
DA:39,135
DA:40,134
DA:42,134
DA:44,114
DA:47,1
DA:48,281
DA:51,1
DA:53,1
DA:54,135
DA:55,102
DA:57,33
DA:59,134
DA:62,1
DA:63,134
DA:64,24
DA:66,110
DA:67,110
DA:68,110
DA:69,110
DA:72,134
DA:73,134
DA:76,1
DA:77,135
BRDA:42,0,1,20
BRDA:42,0,2,114
BRDA:54,0,3,102
BRDA:56,0,4,33
BRDA:67,0,5,8
BRDA:67,0,6,102
BRDA:68,0,7,60
BRDA:68,0,8,50
BRDA:63,0,9,24
BRDA:65,0,10,110
BRF:10
BRH:10
end_of_record
SF:./app/use_cases/issue/conditions/check_not_accepted_or_declined_consecutive_times_use_case.rb
DA:5,1
DA:6,1
DA:7,1
DA:9,1
DA:12,1
DA:16,1
DA:22,1
DA:23,1
DA:24,13
DA:25,13
DA:28,1
DA:29,281
BRF:0
BRH:0
end_of_record
SF:./app/use_cases/issue/conditions/check_order_tags_use_case.rb
DA:4,1
DA:5,1
DA:6,1
DA:8,1
DA:12,1
DA:13,1
DA:14,7
DA:16,6
DA:18,6
DA:20,4
DA:22,11
DA:23,4
DA:26,1
DA:27,281
BRDA:14,0,1,1
BRDA:14,0,2,6
BRDA:18,0,3,2
BRDA:18,0,4,4
BRF:4
BRH:4
end_of_record
SF:./app/use_cases/issue/conditions/check_order_value_use_case.rb
DA:4,1
DA:5,1
DA:6,1
DA:7,1
DA:9,1
DA:10,1
DA:11,10
DA:13,9
DA:15,9
DA:18,1
DA:19,281
BRDA:11,0,1,1
BRDA:11,0,2,9
BRF:2
BRH:2
end_of_record
SF:./app/use_cases/issue/conditions/check_payment_type_use_case.rb
DA:4,1
DA:5,1
DA:6,1
DA:8,1
DA:12,1
DA:13,1
DA:14,7
DA:16,6
DA:18,6
DA:19,6
DA:22,1
DA:23,281
BRDA:14,0,1,1
BRDA:14,0,2,6
BRF:2
BRH:2
end_of_record
SF:./app/use_cases/issue/conditions/check_redispatch_reason_use_case.rb
DA:4,1
DA:5,1
DA:6,1
DA:7,1
DA:8,1
DA:10,1
DA:11,1
DA:12,10
DA:14,10
DA:17,1
DA:18,10
DA:21,1
DA:22,10
DA:25,1
DA:26,1
DA:29,1
DA:30,282
DA:33,1
DA:35,1
DA:37,1
DA:38,9
DA:39,9
BRF:0
BRH:0
end_of_record
SF:./app/use_cases/issue/conditions/check_stack_status_use_case.rb
DA:4,1
DA:5,1
DA:6,1
DA:7,1
DA:11,1
DA:17,1
DA:18,1
DA:19,6
DA:22,4
DA:25,1
DA:26,281
DA:29,1
DA:31,1
DA:32,4
DA:35,1
DA:36,4
BRDA:19,0,1,2
BRDA:19,0,2,4
BRF:2
BRH:2
end_of_record
SF:./app/use_cases/issue/conditions/check_times_declined_not_accepted_manual_undispatched_use_case.rb
DA:4,1
DA:5,1
DA:6,1
DA:7,1
DA:11,1
DA:14,1
DA:15,1
DA:18,1
DA:19,1
DA:20,10
DA:22,9
DA:24,9
DA:27,9
DA:28,9
DA:31,1
DA:32,281
DA:35,1
DA:37,1
DA:38,9
DA:41,1
DA:42,21
DA:45,1
DA:46,12
DA:50,1
DA:51,9
BRDA:20,0,1,1
BRDA:20,0,2,9
BRF:2
BRH:2
end_of_record
SF:./app/use_cases/issue/conditions/check_times_not_accepted_or_declined_use_case.rb
DA:5,1
DA:6,1
DA:7,1
DA:9,1
DA:10,1
DA:14,1
DA:20,1
DA:21,1
DA:22,11
DA:23,11
DA:26,1
DA:27,281
BRF:0
BRH:0
end_of_record
SF:./app/use_cases/issue/conditions/check_vehicle_type_use_case.rb
DA:4,1
DA:5,1
DA:6,1
DA:7,1
DA:9,1
DA:13,1
DA:14,1
DA:15,6
DA:17,5
DA:18,5
DA:20,5
DA:21,5
DA:24,1
DA:26,10
DA:31,1
DA:32,281
DA:35,1
DA:37,1
DA:38,5
BRDA:15,0,1,1
BRDA:15,0,2,5
BRDA:18,0,3,-
BRDA:18,0,4,5
BRF:4
BRH:3
end_of_record
SF:./app/use_cases/issue/conditions/check_vertical_type_use_case.rb
DA:4,1
DA:5,1
DA:6,1
DA:7,1
DA:20,1
DA:24,1
DA:25,1
DA:26,8
DA:27,8
DA:30,1
DA:31,281
BRDA:26,0,1,7
BRDA:26,0,2,1
BRDA:26,0,3,7
BRDA:26,0,4,1
BRF:4
BRH:4
end_of_record
SF:./app/use_cases/issue/conditions/check_zones_use_case.rb
DA:4,1
DA:5,1
DA:6,1
DA:7,1
DA:8,1
DA:10,1
DA:11,1
DA:12,11
DA:14,11
DA:15,11
DA:18,1
DA:20,9
DA:25,1
DA:26,281
BRF:0
BRH:0
end_of_record
SF:./app/use_cases/issue/conditions/comparators/base_comparator.rb
DA:4,1
DA:5,1
DA:6,1
DA:7,1
DA:8,1
DA:9,0
BRF:0
BRH:0
end_of_record
SF:./app/use_cases/issue/conditions/comparators/between_comparator.rb
DA:4,1
DA:5,1
DA:6,1
DA:7,1
DA:8,1
DA:9,1
DA:10,1
DA:13,1
DA:14,18
DA:15,18
BRF:0
BRH:0
end_of_record
SF:./app/use_cases/issue/conditions/comparators/exactly_comparator.rb
DA:4,1
DA:5,1
DA:6,1
DA:7,1
DA:8,1
DA:9,1
DA:12,1
DA:13,59
DA:14,59
BRF:0
BRH:0
end_of_record
SF:./app/use_cases/issue/conditions/comparators/less_than_comparator.rb
DA:4,1
DA:5,1
DA:6,1
DA:7,1
DA:8,1
DA:9,1
DA:12,1
DA:13,22
DA:14,22
BRF:0
BRH:0
end_of_record
SF:./app/use_cases/issue/conditions/comparators/more_than_comparator.rb
DA:4,1
DA:5,1
DA:6,1
DA:7,1
DA:8,1
DA:9,1
DA:12,1
DA:13,57
DA:14,57
BRF:0
BRH:0
end_of_record
SF:./app/use_cases/issue/conditions/issue_occurred_migration.rb
DA:4,1
DA:5,1
DA:6,1
DA:7,1
DA:8,1
DA:9,62
DA:11,62
DA:12,62
DA:13,62
DA:14,62
DA:15,62
DA:16,62
DA:19,1
DA:21,1
DA:22,62
DA:25,1
DA:26,62
DA:29,1
DA:30,62
DA:32,22
DA:35,1
DA:36,62
DA:39,1
DA:40,62
DA:42,24
DA:45,1
DA:46,62
DA:47,62
DA:49,62
DA:50,62
DA:52,62
BRDA:30,0,1,22
BRDA:30,0,2,40
BRDA:40,0,3,24
BRDA:40,0,4,38
BRDA:47,0,5,62
BRDA:47,0,6,-
BRF:6
BRH:5
end_of_record
SF:./app/use_cases/issue/conditions/queries/base_query.rb
DA:4,1
DA:5,1
DA:6,1
DA:7,1
DA:8,1
DA:9,0
DA:12,1
DA:14,1
DA:15,114
DA:16,114
BRDA:15,0,1,18
BRDA:15,0,2,96
BRF:2
BRH:2
end_of_record
SF:./app/use_cases/issue/conditions/queries/courier_consecutive_deliveries_with_issues_query.rb
DA:4,1
DA:5,1
DA:6,1
DA:7,1
DA:8,1
DA:9,1
DA:11,61
DA:12,61
DA:15,61
DA:16,104
DA:17,61
DA:18,177
DA:22,1
DA:24,1
DA:25,50
DA:30,1
DA:31,122
BRF:0
BRH:0
end_of_record
SF:./app/use_cases/issue/conditions/queries/courier_consecutive_issues_query.rb
DA:4,1
DA:5,1
DA:6,1
DA:7,1
DA:8,1
DA:9,4
DA:16,4
DA:17,15
BRF:0
BRH:0
end_of_record
SF:./app/use_cases/issue/conditions/queries/courier_deliveries_with_issues_query.rb
DA:4,1
DA:5,1
DA:6,1
DA:7,1
DA:8,1
DA:9,1
DA:10,36
DA:15,1
DA:16,86
BRF:0
BRH:0
end_of_record
SF:./app/use_cases/issue/conditions/queries/courier_issues_query.rb
DA:4,1
DA:5,1
DA:6,1
DA:7,1
DA:8,1
DA:9,4
BRF:0
BRH:0
end_of_record
SF:./app/use_cases/issue/conditions/queries/custom/consecutive_delivery_issues_query.rb
DA:4,1
DA:5,1
DA:6,1
DA:7,1
DA:8,1
DA:9,1
DA:10,1
DA:11,11
DA:16,1
DA:18,1
DA:19,11
BRF:0
BRH:0
end_of_record
SF:./app/use_cases/issue/conditions/queries/custom/delivery_issues_query.rb
DA:4,1
DA:5,1
DA:6,1
DA:7,1
DA:8,1
DA:9,1
DA:10,1
DA:11,9
DA:13,9
DA:16,1
DA:17,20
BRF:0
BRH:0
end_of_record
SF:./app/use_cases/issue/conditions/queries/latest_courier_delivery_ids_query.rb
DA:4,1
DA:5,1
DA:6,1
DA:7,1
DA:8,1
DA:9,70
BRF:0
BRH:0
end_of_record
SF:./app/use_cases/issue/conditions/queries/within_shift_query.rb
DA:4,1
DA:5,1
DA:6,1
DA:7,1
DA:8,1
DA:9,89
DA:10,89
DA:13,1
DA:14,89
DA:15,89
DA:17,80
DA:18,80
DA:20,70
DA:21,70
DA:22,70
DA:23,70
BRDA:15,0,1,9
BRDA:15,0,2,80
BRDA:18,0,3,10
BRDA:18,0,4,70
BRF:4
BRH:4
end_of_record
SF:./app/use_cases/issue/conditions/queries/within_timeframe_query.rb
DA:4,1
DA:5,1
DA:6,1
DA:7,1
DA:8,1
DA:9,45
DA:10,45
DA:13,1
DA:14,45
DA:15,45
DA:17,44
DA:19,44
DA:20,44
DA:21,44
BRDA:15,0,1,1
BRDA:15,0,2,44
BRF:2
BRH:2
end_of_record
SF:./app/use_cases/issue/consume_event_post_processing_use_case.rb
DA:4,1
DA:5,1
DA:6,1
DA:11,96
DA:12,96
DA:13,96
DA:16,1
DA:17,72
DA:18,1
DA:20,72
DA:21,72
BRDA:17,0,1,1
BRDA:17,0,2,71
BRF:2
BRH:2
end_of_record
SF:./app/use_cases/issue/execute_action_use_case.rb
DA:4,1
DA:5,1
DA:6,1
DA:9,5
DA:10,5
DA:11,5
DA:14,1
DA:15,5
DA:16,5
DA:17,5
DA:18,2
DA:20,2
DA:21,2
DA:23,1
DA:24,1
DA:27,1
DA:29,1
DA:30,5
DA:31,5
DA:32,2
DA:35,1
DA:36,2
DA:37,2
DA:41,1
DA:42,2
DA:44,0
BRDA:42,0,1,-
BRDA:42,0,2,2
BRDA:47,0,3,-
BRDA:47,0,4,-
BRDA:48,0,5,-
BRDA:48,0,6,-
BRF:6
BRH:1
end_of_record
SF:./app/use_cases/issue/filter_use_case.rb
DA:4,1
DA:5,1
DA:6,1
DA:7,84
DA:10,1
DA:11,79
DA:12,79
DA:13,79
DA:15,79
DA:18,1
DA:20,1
DA:22,79
DA:30,1
DA:31,79
DA:32,79
DA:33,79
DA:34,79
DA:35,79
DA:38,1
DA:39,79
DA:42,1
DA:43,77
DA:44,77
DA:45,77
DA:48,1
DA:49,156
DA:52,1
DA:53,79
DA:54,237
DA:57,79
DA:62,1
DA:63,77
DA:64,77
DA:65,77
DA:66,77
DA:67,77
DA:70,1
DA:71,77
DA:73,49
DA:74,53
DA:75,49
DA:78,1
DA:79,77
DA:81,7
DA:83,2
DA:85,68
DA:89,1
DA:90,156
DA:92,12
DA:94,12
DA:100,1
DA:101,156
DA:103,11
DA:109,1
DA:110,80
BRDA:13,0,1,77
BRDA:13,0,2,2
BRDA:71,0,3,28
BRDA:71,0,4,49
BRDA:80,0,5,7
BRDA:82,0,6,2
BRDA:84,0,7,68
BRDA:90,0,8,144
BRDA:90,0,9,12
BRDA:101,0,10,145
BRDA:101,0,11,11
BRF:11
BRH:11
end_of_record
SF:./app/use_cases/issue/generate_for_issue_type_use_case.rb
DA:4,1
DA:5,1
DA:6,1
DA:7,6
DA:9,6
DA:11,6
DA:12,6
DA:13,1
DA:14,5
DA:15,1
DA:20,1
DA:22,1
DA:23,1
DA:26,1
DA:27,1
DA:32,1
DA:33,6
DA:36,1
DA:37,6
DA:40,1
DA:41,6
DA:44,1
DA:45,1
DA:48,1
DA:49,5
BRDA:14,0,1,1
BRDA:14,0,2,4
BRDA:12,0,3,1
BRDA:13,0,4,5
BRDA:41,0,5,1
BRDA:41,0,6,5
BRF:6
BRH:6
end_of_record
SF:./app/use_cases/issue/generate_with_status_change_use_case.rb
DA:4,1
DA:5,1
DA:6,1
DA:8,1
DA:9,1
DA:13,1
DA:14,98
DA:15,98
DA:18,2
DA:19,1
DA:20,72
DA:22,114
DA:25,1
DA:26,1
DA:34,1
DA:35,114
DA:37,2
DA:39,2
DA:41,2
DA:46,1
DA:48,2
DA:49,1
DA:50,114
BRDA:35,0,1,2
BRDA:35,0,2,112
BRF:2
BRH:2
end_of_record
SF:./app/use_cases/issue/generator_from_status.rb
DA:4,1
DA:5,1
DA:6,1
DA:7,1
DA:8,1
DA:10,2
DA:11,1
BRF:0
BRH:0
end_of_record
SF:./app/use_cases/issue/generators/courier_app_use_case.rb
DA:4,1
DA:5,1
DA:6,1
DA:7,2
DA:8,1
DA:9,3
DA:12,1
DA:14,2
DA:15,1
DA:16,2
DA:19,2
DA:20,1
DA:21,2
BRF:0
BRH:0
end_of_record
SF:./app/use_cases/issue/generators/courier_break_request_use_case.rb
DA:4,1
DA:5,1
DA:6,1
DA:7,2
DA:8,1
DA:9,2
DA:12,1
DA:14,2
DA:15,1
DA:16,2
DA:19,2
DA:20,1
DA:21,1
BRF:0
BRH:0
end_of_record
SF:./app/use_cases/issue/generators/courier_equipment_use_case.rb
DA:4,1
DA:5,1
DA:6,1
DA:7,2
DA:8,1
DA:9,3
DA:12,1
DA:14,2
DA:15,1
DA:16,2
DA:19,2
DA:20,1
DA:21,2
BRF:0
BRH:0
end_of_record
SF:./app/use_cases/issue/generators/courier_fake_gps_usage_use_case.rb
DA:4,1
DA:5,1
DA:6,1
DA:7,2
DA:8,1
DA:9,1
DA:12,1
DA:14,2
DA:15,1
DA:16,2
DA:19,2
DA:20,1
DA:21,1
BRF:0
BRH:0
end_of_record
SF:./app/use_cases/issue/generators/courier_gps_off_for_x_minutes_use_case.rb
DA:4,1
DA:5,1
DA:6,1
DA:7,1
DA:9,1
DA:10,0
DA:13,2
DA:14,1
DA:15,1
DA:18,2
DA:19,1
DA:20,15
DA:23,1
DA:24,2
DA:27,1
DA:29,2
DA:30,1
DA:31,4
DA:36,1
DA:37,3
DA:40,1
DA:41,2
DA:44,2
DA:45,1
DA:46,1
DA:48,1
BRF:0
BRH:0
end_of_record
SF:./app/use_cases/issue/generators/courier_idle_use_case.rb
DA:4,1
DA:5,1
DA:6,1
DA:7,1
DA:9,1
DA:12,1
DA:15,2
DA:16,1
DA:17,1
DA:20,1
DA:21,2
DA:24,2
DA:25,1
DA:26,15
DA:29,1
DA:31,2
DA:32,1
DA:33,3
DA:38,1
DA:39,2
DA:41,1
DA:44,1
DA:45,1
DA:49,1
DA:51,0
DA:54,1
DA:55,2
DA:61,1
DA:62,5
DA:66,2
DA:67,1
DA:68,1
DA:71,1
BRDA:39,0,1,1
BRDA:39,0,2,1
BRDA:49,0,3,1
BRDA:49,0,4,-
BRF:4
BRH:3
end_of_record
SF:./app/use_cases/issue/generators/courier_late_for_shift_use_case.rb
DA:4,1
DA:5,1
DA:6,1
DA:7,1
DA:9,2
DA:10,1
DA:11,3
DA:14,2
DA:15,1
DA:16,6
DA:19,1
DA:21,2
DA:22,1
DA:23,3
DA:26,1
DA:27,2
DA:28,2
DA:31,1
DA:32,5
DA:35,1
DA:36,2
DA:39,1
DA:40,3
DA:41,3
DA:42,3
DA:44,2
DA:47,2
[...]
DA:4,1
DA:5,1
DA:6,1
DA:9,10
DA:10,10
DA:11,10
DA:14,1
DA:15,10
DA:17,10
DA:19,9
DA:21,6
DA:22,6
DA:25,1
DA:27,1
DA:28,9
DA:31,1
DA:32,9
DA:35,1
DA:36,6
DA:37,6
DA:39,6
DA:47,1
DA:48,3
DA:51,1
DA:52,6
DA:55,1
DA:56,7
DA:58,7
DA:59,4
DA:64,1
DA:65,4
DA:68,1
DA:69,10
BRDA:17,0,1,1
BRDA:17,0,2,9
BRDA:19,0,3,3
BRDA:19,0,4,6
BRF:4
BRH:4
end_of_record
SF:./app/use_cases/issue_rule_template/delete_use_case.rb
DA:4,1
DA:5,1
DA:6,1
DA:7,3
DA:8,3
BRF:0
BRH:0
end_of_record
SF:./app/use_cases/issue_rule_template/find_use_case.rb
DA:4,1
DA:5,1
DA:6,1
DA:7,10
DA:8,2
DA:9,2
DA:11,8
DA:15,1
DA:17,1
DA:18,8
DA:19,8
DA:23,1
DA:24,10
DA:25,10
DA:29,1
DA:30,3
DA:33,1
DA:34,5
DA:35,5
DA:37,0
BRDA:7,0,1,2
BRDA:10,0,2,8
BRDA:34,0,3,5
BRDA:36,0,4,-
BRF:4
BRH:3
end_of_record
SF:./app/use_cases/issue_rule_template/form_data_use_case.rb
DA:4,1
DA:5,1
DA:6,1
DA:7,9
DA:10,1
DA:11,7
DA:13,7
DA:14,280
DA:17,7
BRF:0
BRH:0
end_of_record
SF:./app/use_cases/issue_rule_template/list_use_case.rb
DA:4,1
DA:5,1
DA:6,1
DA:7,3
DA:8,3
DA:10,3
DA:11,1
DA:13,0
DA:16,3
DA:17,1
BRF:0
BRH:0
end_of_record
SF:./app/use_cases/issue_rule_template/upsert_use_case.rb
DA:4,1
DA:5,1
DA:6,1
DA:7,19
DA:8,19
DA:9,19
DA:10,19
DA:11,19
DA:15,1
DA:17,1
DA:18,19
DA:19,17
DA:21,2
DA:23,2
DA:27,1
DA:33,17
DA:35,17
DA:39,17
DA:41,17
DA:44,1
DA:45,2
DA:48,1
DA:49,19
BRDA:18,0,1,17
BRDA:20,0,2,2
BRF:2
BRH:2
end_of_record
SF:./app/use_cases/issue_type/disable_unused_types_use_case.rb
DA:4,1
DA:5,1
DA:7,1
DA:12,1
DA:13,7
DA:14,10
DA:16,9
DA:18,0
DA:22,1
DA:24,1
DA:25,9
DA:27,9
DA:28,9
DA:29,9
DA:33,1
DA:34,9
BRDA:14,0,1,1
BRDA:14,0,2,9
BRF:2
BRH:2
end_of_record
SF:./app/use_cases/load_test/cleanup_use_case.rb
DA:5,1
DA:6,1
DA:7,1
DA:9,1
DA:11,3
DA:12,0
DA:15,3
DA:16,3
DA:17,3
DA:18,3
DA:19,3
DA:20,3
DA:23,1
DA:24,3
DA:29,0
DA:32,1
DA:33,3
DA:34,6
DA:35,6
DA:36,6
DA:37,6
DA:38,6
DA:39,48
DA:45,1
DA:46,3
DA:49,1
DA:50,3
DA:51,3
DA:54,1
DA:55,3
DA:58,1
DA:59,3
DA:60,3
DA:61,3
DA:64,1
DA:66,1
DA:67,0
DA:69,0
BRDA:11,0,1,3
BRDA:11,0,2,-
BRF:2
BRH:1
end_of_record
SF:./app/use_cases/load_test/toggle_issue_type_use_case.rb
DA:4,1
DA:5,1
DA:6,1
DA:8,2
DA:10,2
BRDA:8,0,1,2
BRDA:8,0,2,-
BRF:2
BRH:1
end_of_record
SF:./app/use_cases/maintain_old_partition_use_case.rb
DA:4,0
DA:5,0
DA:6,0
DA:7,0
DA:8,0
DA:9,0
DA:10,0
DA:11,0
DA:12,0
DA:13,0
DA:15,0
DA:16,0
DA:17,0
DA:18,0
DA:19,0
DA:21,0
DA:22,0
DA:23,0
DA:25,0
DA:26,0
DA:27,0
DA:28,0
DA:29,0
DA:30,0
BRF:0
BRH:0
end_of_record
SF:./app/use_cases/mobile/consume_issue_created_use_case.rb
DA:4,1
DA:5,1
DA:6,1
DA:7,25
DA:10,1
DA:11,23
DA:13,23
DA:16,1
DA:18,1
DA:19,23
DA:21,10
DA:23,6
DA:25,3
DA:27,4
DA:31,1
DA:32,19
DA:33,18
DA:36,18
DA:40,1
DA:41,3
DA:43,3
DA:46,1
DA:47,10
DA:49,10
DA:52,1
DA:53,6
DA:55,6
DA:58,1
DA:59,10
DA:60,1
DA:62,9
DA:66,1
DA:67,4
DA:70,1
DA:71,18
DA:74,1
DA:75,1
DA:77,1
DA:78,1
DA:80,0
DA:82,0
DA:86,1
DA:87,9
DA:89,9
DA:92,1
DA:93,6
DA:95,6
DA:98,1
DA:99,5
DA:102,1
DA:103,0
DA:106,1
DA:107,16
DA:109,16
DA:110,30
DA:112,5
DA:113,5
DA:117,1
DA:118,23
DA:121,1
DA:122,19
DA:125,1
DA:126,5
BRDA:20,0,1,10
BRDA:22,0,2,6
BRDA:24,0,3,3
BRDA:26,0,4,4
BRDA:36,0,5,16
BRDA:36,0,6,2
BRDA:59,0,7,1
BRDA:61,0,8,9
BRDA:77,0,9,1
BRDA:79,0,10,-
BRDA:109,0,11,11
BRDA:111,0,12,5
BRF:12
BRH:11
end_of_record
SF:./app/use_cases/notification/send_slack_message_use_case.rb
DA:4,1
DA:5,1
DA:6,1
DA:8,2
DA:9,2
DA:12,1
DA:13,2
DA:14,2
DA:18,1
DA:20,1
DA:21,2
DA:24,1
DA:25,2
DA:28,1
DA:29,2
DA:33,1
DA:35,2
DA:61,1
DA:62,2
DA:64,1
DA:66,1
BRDA:63,0,1,1
BRDA:65,0,2,1
BRDA:62,0,3,-
BRF:3
BRH:2
end_of_record
SF:./app/use_cases/notification/slack_message_builder.rb
DA:4,1
DA:5,1
DA:6,1
DA:7,15
DA:10,1
DA:12,1
DA:13,9
DA:24,1
DA:25,15
DA:34,1
DA:35,6
DA:44,1
DA:45,9
DA:46,9
DA:48,9
DA:51,1
DA:52,15
DA:55,1
DA:56,9
DA:59,1
DA:60,9
DA:63,1
DA:64,9
BRDA:14,0,1,7
BRDA:14,0,2,2
BRDA:45,0,3,7
BRDA:45,0,4,2
BRDA:46,0,5,7
BRDA:46,0,6,2
BRF:6
BRH:6
end_of_record
SF:./app/use_cases/order/get_issues_by_order_id_use_case.rb
DA:4,1
DA:5,1
DA:6,1
DA:7,2
BRF:0
BRH:0
end_of_record
SF:./app/use_cases/order/upsert_use_case.rb
DA:4,1
DA:5,1
DA:6,1
DA:8,1
DA:9,6
DA:11,6
DA:14,1
DA:15,57
DA:18,1
DA:20,1
DA:21,63
DA:22,59
DA:24,58
DA:27,4
DA:30,1
DA:37,1
DA:38,63
DA:39,582
DA:43,1
DA:44,57
DA:55,1
DA:56,63
BRDA:22,0,1,58
BRDA:22,0,2,1
BRF:2
BRH:2
end_of_record
SF:./app/use_cases/publish_message_use_case.rb
DA:4,1
DA:5,1
DA:8,1
DA:9,1
DA:10,1
DA:13,1
DA:14,1
DA:15,1
DA:17,1
DA:18,1
DA:19,1
BRF:0
BRH:0
end_of_record
SF:./app/use_cases/request/approve_use_case.rb
DA:4,1
DA:5,1
DA:6,1
DA:8,1
DA:10,1
DA:17,16
DA:18,16
DA:19,16
DA:20,16
DA:21,16
DA:24,1
DA:25,17
DA:26,17
DA:27,16
DA:30,16
DA:31,16
DA:34,1
DA:36,1
DA:37,7
DA:38,7
DA:39,14
DA:42,1
DA:43,4
DA:46,4
DA:47,4
DA:48,4
DA:51,8
DA:54,1
DA:55,1
DA:56,1
DA:57,2
DA:60,1
DA:61,2
DA:62,2
DA:64,2
DA:66,4
DA:69,1
DA:70,76
DA:73,1
DA:74,1
DA:75,1
DA:76,1
DA:77,2
DA:80,1
DA:81,1
DA:82,1
DA:83,1
DA:84,2
DA:87,1
DA:88,4
DA:90,4
DA:96,4
DA:99,1
DA:100,2
DA:104,1
DA:105,3
DA:108,1
DA:109,16
DA:110,16
BRDA:93,0,1,-
BRDA:93,0,2,4
BRDA:94,0,3,-
BRDA:94,0,4,4
BRF:4
BRH:2
end_of_record
SF:./app/use_cases/request/create_use_case.rb
DA:4,1
DA:5,1
DA:6,1
DA:9,46
DA:10,46
DA:11,46
DA:14,1
DA:15,41
DA:16,35
DA:17,35
DA:19,35
DA:20,35
DA:22,3
DA:25,1
DA:27,1
DA:28,18
DA:29,18
DA:32,1
DA:33,5
DA:34,5
DA:37,1
DA:38,2
DA:39,2
DA:43,2
DA:46,1
DA:47,8
DA:48,8
DA:52,8
DA:56,1
DA:57,1
DA:60,1
DA:61,1
DA:64,1
DA:65,2
DA:68,1
DA:69,8
DA:71,7
DA:74,1
DA:75,7
DA:79,1
DA:81,35
DA:89,1
DA:90,35
DA:91,35
BRDA:16,0,1,35
BRDA:16,0,2,-
BRF:2
BRH:1
end_of_record
SF:./app/use_cases/request/decline_use_case.rb
DA:4,1
DA:5,1
DA:6,1
DA:9,4
DA:10,4
DA:11,4
DA:14,1
DA:15,3
DA:16,3
DA:17,2
DA:20,2
DA:21,2
DA:24,1
DA:26,1
DA:27,2
DA:28,2
BRF:0
BRH:0
end_of_record
SF:./app/use_cases/request/find_use_case.rb
DA:4,1
DA:5,1
DA:6,1
DA:7,8
BRF:0
BRH:0
end_of_record
SF:./app/use_cases/request/list_use_case.rb
DA:4,1
DA:5,1
DA:6,1
DA:7,12
DA:10,1
DA:11,12
DA:12,12
DA:13,12
DA:14,12
DA:15,12
DA:16,17
DA:18,12
DA:21,1
DA:23,1
DA:25,12
DA:30,1
DA:31,12
DA:32,12
DA:33,12
DA:34,12
DA:35,12
DA:36,12
DA:39,1
DA:40,12
DA:41,12
DA:45,1
DA:46,12
DA:47,12
DA:51,1
DA:52,12
DA:53,12
DA:57,1
DA:58,12
DA:59,12
DA:63,1
DA:64,12
DA:65,12
DA:69,1
DA:70,12
DA:71,12
DA:75,1
DA:76,12
DA:77,12
DA:78,12
DA:79,12
DA:80,12
BRDA:41,0,1,1
BRDA:41,0,2,11
BRDA:47,0,3,1
BRDA:47,0,4,11
BRDA:53,0,5,1
BRDA:53,0,6,11
BRDA:59,0,7,1
BRDA:59,0,8,11
BRDA:65,0,9,1
BRDA:65,0,10,11
BRDA:71,0,11,2
BRDA:71,0,12,10
BRF:12
BRH:12
end_of_record
SF:./app/use_cases/request/show_use_case.rb
DA:4,1
DA:5,1
DA:6,1
DA:7,3
DA:10,1
DA:11,2
DA:12,2
BRF:0
BRH:0
end_of_record
SF:./app/use_cases/request/update_use_case.rb
DA:4,1
DA:5,1
DA:6,1
DA:7,24
DA:10,1
DA:11,22
DA:14,4
DA:15,4
DA:19,22
DA:20,22
BRDA:16,0,1,3
BRDA:16,0,2,1
BRDA:17,0,3,3
BRDA:17,0,4,1
BRDA:13,0,5,4
BRDA:11,0,6,18
BRF:6
BRH:6
end_of_record
SF:./app/use_cases/request/validate_use_case.rb
DA:4,1
DA:5,1
DA:6,1
DA:7,1
DA:8,1
DA:10,1
DA:11,1
DA:12,46
DA:15,1
DA:16,41
DA:17,39
DA:18,38
DA:21,1
DA:23,1
DA:24,38
DA:26,3
DA:28,10
DA:32,1
DA:33,3
DA:34,3
DA:37,3
DA:40,1
DA:41,3
DA:46,1
DA:47,0
DA:48,0
DA:52,1
DA:53,10
DA:54,10
DA:57,10
DA:59,10
DA:62,1
DA:63,10
DA:67,1
DA:68,41
DA:69,21
DA:71,2
DA:74,1
DA:75,39
DA:76,39
DA:78,27
DA:79,27
DA:82,1
DA:83,27
DA:85,27
DA:88,1
DA:91,1
DA:92,21
DA:98,1
DA:99,2
DA:103,1
DA:104,6
DA:107,1
DA:108,10
DA:110,8
DA:113,1
DA:114,8
BRDA:25,0,1,3
BRDA:27,0,2,10
BRDA:24,0,3,25
BRDA:37,0,4,1
BRDA:37,0,5,2
BRDA:59,0,6,2
BRDA:59,0,7,8
BRDA:68,0,8,21
BRDA:68,0,9,20
BRDA:69,0,10,2
BRDA:69,0,11,19
BRDA:76,0,12,12
BRDA:76,0,13,27
BRDA:78,0,14,5
BRDA:78,0,15,22
BRDA:85,0,16,26
BRDA:85,0,17,1
BRDA:104,0,18,3
BRDA:104,0,19,-
BRF:19
BRH:18
end_of_record
SF:./app/use_cases/route_action/consume_route_updated_event_use_case.rb
DA:4,1
DA:5,1
DA:6,1
DA:7,13
DA:10,1
DA:11,11
DA:13,9
DA:14,9
DA:15,9
DA:16,9
DA:18,8
DA:19,8
DA:23,1
DA:25,1
DA:26,9
DA:27,9
DA:29,22
DA:30,9
DA:31,13
DA:35,1
DA:36,13
DA:43,1
DA:44,9
DA:46,9
DA:47,26
DA:50,1
DA:51,9
DA:57,1
DA:58,11
BRDA:11,0,1,2
BRDA:11,0,2,9
BRDA:16,0,3,8
BRDA:16,0,4,1
BRF:4
BRH:4
end_of_record
SF:./app/use_cases/run_vacuum_use_case.rb
DA:4,1
DA:5,1
DA:6,2
DA:7,2
DA:10,1
DA:11,2
DA:12,2
DA:13,1
DA:15,1
DA:20,1
DA:22,1
DA:23,1
DA:24,1
DA:27,1
DA:28,1
BRF:0
BRH:0
end_of_record
SF:./app/use_cases/setup_partitions_use_case.rb
DA:4,1
DA:5,1
DA:6,54
DA:7,54
DA:8,54
DA:9,54
DA:10,54
DA:11,54
DA:14,1
DA:16,1
DA:17,58
DA:18,752
DA:21,58
DA:22,694
DA:26,1
DA:28,1
DA:29,222
DA:30,1104
DA:33,1
DA:34,306
DA:37,1
DA:38,152
DA:41,152
DA:42,152
DA:45,1
DA:46,20
BRF:0
BRH:0
end_of_record
SF:./app/use_cases/vehicle_type/consume_vehicle_types_event_use_case.rb
DA:4,1
DA:5,1
DA:6,1
DA:8,1
DA:9,5
DA:10,5
DA:11,5
DA:13,5
DA:15,4
DA:17,1
DA:21,1
DA:23,1
DA:24,4
DA:25,4
BRDA:14,0,1,4
BRDA:16,0,2,1
BRF:2
BRH:2
end_of_record
SF:./app/workers/action_execution_worker.rb
DA:4,1
DA:5,1
DA:8,1
DA:12,1
DA:13,0
DA:18,1
DA:19,0
DA:23,0
DA:28,0
DA:32,0
DA:36,1
DA:37,0
DA:43,1
DA:44,2
DA:45,2
DA:48,1
DA:49,2
DA:51,1
DA:56,1
BRDA:12,0,1,-
BRDA:12,0,2,1
BRDA:22,0,3,-
BRDA:27,0,4,-
BRDA:31,0,5,-
BRF:5
BRH:1
end_of_record
SF:./app/workers/application_metrics_worker.rb
DA:4,1
DA:5,1
DA:8,1
DA:10,1
DA:11,1
DA:14,1
DA:15,1
DA:17,1
BRF:0
BRH:0
end_of_record
SF:./app/workers/audit_log_worker.rb
DA:4,1
DA:5,1
DA:7,1
DA:9,1
DA:10,2
DA:13,1
DA:14,2
DA:15,2
DA:18,1
DA:20,1
DA:21,2
BRF:0
BRH:0
end_of_record
SF:./app/workers/check_and_try_to_resolve_worker.rb
DA:4,1
DA:5,1
DA:7,1
DA:9,1
DA:10,0
DA:13,1
DA:14,1
DA:17,1
DA:18,1
BRDA:9,0,1,-
BRDA:9,0,2,1
BRF:2
BRH:1
end_of_record
SF:./app/workers/circuit_stats_worker.rb
DA:4,1
DA:5,1
DA:7,1
DA:9,1
DA:10,1
DA:13,1
DA:14,1
DA:16,1
BRF:0
BRH:0
end_of_record
SF:./app/workers/create_geofence_for_delivery_worker.rb
DA:4,1
DA:5,1
DA:7,1
DA:9,1
DA:10,1
DA:13,1
DA:14,1
BRF:0
BRH:0
end_of_record
SF:./app/workers/delete_geofence_worker.rb
DA:4,1
DA:5,1
DA:7,1
DA:9,1
DA:10,1
DA:13,1
DA:14,1
BRF:0
BRH:0
end_of_record
SF:./app/workers/issue_generation_for_issue_type_worker.rb
DA:4,1
DA:5,1
DA:7,1
DA:8,0
DA:11,1
DA:13,1
DA:14,1
DA:20,1
DA:21,1
BRDA:7,0,1,-
BRDA:7,0,2,1
BRF:2
BRH:1
end_of_record
SF:./app/workers/issue_rule_execution_worker.rb
DA:4,1
DA:5,1
DA:7,1
DA:8,1
DA:9,0
DA:12,1
DA:13,1
DA:16,1
DA:17,1
DA:19,0
DA:23,0
BRDA:8,0,1,-
BRDA:8,0,2,1
BRF:2
BRH:1
end_of_record
SF:./app/workers/old_partition_maintenance_worker.rb
DA:4,0
DA:5,0
DA:7,0
DA:9,0
DA:10,0
DA:11,0
DA:13,0
DA:14,0
DA:15,0
DA:16,0
BRF:0
BRH:0
end_of_record
SF:./app/workers/send_slack_message_worker.rb
DA:4,1
DA:5,1
DA:7,1
DA:9,1
DA:10,1
DA:13,1
DA:14,1
DA:15,1
DA:18,1
DA:19,1
BRF:0
BRH:0
end_of_record
SF:./app/workers/setup_partitions_worker.rb
DA:4,1
DA:5,1
DA:7,1
DA:9,1
DA:12,6
DA:13,6
DA:14,6
DA:17,1
DA:18,6
DA:19,6
DA:20,36
DA:21,36
DA:25,6
DA:28,1
DA:30,1
DA:31,36
DA:39,1
DA:40,36
BRF:0
BRH:0
end_of_record
SF:./app/workers/sidekiq_queue_metrics_worker.rb
DA:4,1
DA:5,1
DA:7,1
DA:9,1
DA:10,1
DA:13,1
DA:14,1
DA:16,1
BRF:0
BRH:0
end_of_record
SF:./app/workers/single_issue_resolution_worker.rb
DA:4,1
DA:5,1
DA:7,1
DA:9,1
DA:10,0
DA:13,1
DA:15,2
DA:16,2
DA:19,1
DA:20,2
DA:21,2
DA:22,2
DA:23,2
DA:24,1
DA:26,1
DA:28,0
DA:29,0
DA:32,1
DA:34,1
DA:36,2
BRDA:9,0,1,-
BRDA:9,0,2,1
BRDA:37,0,3,2
BRDA:37,0,4,-
BRDA:38,0,5,2
BRDA:38,0,6,-
BRF:6
BRH:3
end_of_record
SF:./app/workers/sns/message_publisher_worker.rb
DA:4,1
DA:5,1
DA:6,1
DA:8,1
DA:9,0
DA:11,1
DA:13,1
DA:14,0
DA:20,1
DA:21,0
DA:25,1
DA:26,0
BRDA:8,0,1,-
BRDA:8,0,2,1
BRF:2
BRH:1
end_of_record
SF:./app/workers/sns/publisher_worker.rb
DA:4,1
DA:5,1
DA:6,1
DA:8,1
DA:9,0
DA:11,1
DA:13,1
DA:14,0
DA:20,1
DA:21,1
DA:24,1
DA:25,1
BRDA:8,0,1,-
BRDA:8,0,2,1
BRF:2
BRH:1
end_of_record
SF:./app/workers/stuck_entity_cleanup_worker.rb
DA:4,1
DA:5,1
DA:7,1
DA:9,1
DA:12,1
DA:15,1
DA:16,1
BRF:0
BRH:0
end_of_record
SF:./app/workers/table_maintenance_worker.rb
DA:4,0
DA:5,0
DA:7,0
DA:9,0
DA:10,0
DA:11,0
DA:12,0
BRF:0
BRH:0
end_of_record
SF:./app/workers/update_ab_test_status_worker.rb
DA:4,1
DA:5,1
DA:7,1
DA:9,1
DA:12,1
DA:13,1
DA:16,1
DA:17,1
DA:18,1
BRF:0
BRH:0
end_of_record
SF:./lib/circuit.rb
DA:4,1
DA:5,1
DA:6,1
DA:7,1
DA:8,1
DA:9,1
DA:11,1
BRF:0
BRH:0
end_of_record
SF:./lib/circuit/admin.rb
DA:4,1
DA:5,1
DA:7,1
DA:8,1
DA:9,1
DA:11,1
DA:12,0
DA:22,1
DA:23,1
BRF:0
BRH:0
end_of_record
SF:./lib/circuit/executor.rb
DA:4,1
DA:5,1
DA:7,1
DA:8,1
DA:9,35
DA:10,35
DA:11,35
DA:14,1
DA:15,91
DA:19,12
DA:21,7
DA:24,5
DA:27,1
DA:29,1
DA:30,12
DA:33,1
DA:34,5
BRDA:19,0,1,5
BRDA:19,0,2,7
BRDA:30,0,3,12
BRDA:30,0,4,-
BRDA:30,0,5,3
BRDA:30,0,6,9
BRF:6
BRH:5
end_of_record
SF:./lib/circuit/formatter.rb
DA:4,1
DA:5,1
DA:6,1
DA:7,4
DA:9,4
DA:12,1
DA:14,1
DA:15,6
DA:18,1
DA:19,2
DA:23,1
DA:24,4
BRDA:9,0,1,2
BRDA:9,0,2,2
BRF:2
BRH:2
end_of_record
SF:./lib/circuit/mechanism.rb
DA:4,1
DA:5,1
DA:6,1
DA:10,5
DA:11,5
DA:12,5
DA:13,5
DA:16,1
DA:17,12
DA:18,10
DA:19,8
DA:23,2
DA:24,2
DA:26,2
DA:29,1
DA:31,1
DA:32,16
DA:35,1
DA:36,7
DA:39,1
DA:40,2
BRDA:24,0,1,2
BRDA:24,0,2,-
BRDA:26,0,3,2
BRDA:26,0,4,-
BRDA:19,0,5,1
BRDA:19,0,6,7
BRF:6
BRH:4
end_of_record
SF:./lib/circuit/notifier.rb
DA:4,1
DA:5,1
DA:6,1
DA:8,1
DA:9,2
DA:10,2
DA:13,1
DA:14,1
DA:16,1
BRF:0
BRH:0
end_of_record
SF:./lib/circuit/slack.rb
DA:4,1
DA:5,1
DA:7,1
DA:8,1
DA:9,1
DA:10,1
DA:12,1
DA:13,6
DA:16,1
DA:17,1
DA:20,1
DA:22,1
DA:23,1
DA:24,0
DA:26,1
BRDA:23,0,1,-
BRDA:25,0,2,1
BRF:2
BRH:1
end_of_record
SF:./lib/circuit/state.rb
DA:4,1
DA:5,1
DA:6,1
DA:8,1
DA:9,172
DA:12,1
DA:13,179
DA:16,1
DA:17,26
DA:20,26
DA:21,26
DA:24,1
DA:25,1
DA:28,1
DA:29,1
DA:32,1
DA:33,26
DA:36,26
DA:37,26
DA:40,1
DA:41,11
DA:42,132
DA:43,25
DA:46,1
DA:47,3
DA:48,36
DA:49,25
DA:52,1
DA:53,13
DA:56,1
DA:58,1
DA:59,53
BRF:0
BRH:0
end_of_record
SF:./lib/ext/marginalia/comment.rb
DA:4,0
DA:5,0
DA:6,0
DA:7,0
DA:8,0
DA:9,0
DA:11,0
DA:12,0
DA:13,0
DA:15,0
DA:16,0
DA:17,0
DA:19,0
DA:20,0
DA:21,0
DA:23,0
DA:25,0
DA:26,0
DA:27,0
DA:29,0
DA:30,0
DA:31,0
DA:32,0
DA:33,0
DA:34,0
BRF:0
BRH:0
end_of_record
SF:./lib/ext/marginalia/shoryuken_marginalia_integration.rb
DA:4,0
DA:5,0
DA:6,0
DA:7,0
DA:8,0
DA:9,0
DA:10,0
DA:11,0
DA:12,0
DA:13,0
DA:14,0
DA:15,0
BRF:0
BRH:0
end_of_record
SF:./lib/ext/marginalia/sidekiq_marginalia_integration.rb
DA:4,0
DA:5,0
DA:6,0
DA:7,0
DA:8,0
DA:9,0
DA:10,0
DA:11,0
DA:12,0
DA:13,0
DA:14,0
DA:15,0
BRF:0
BRH:0
end_of_record
SF:./lib/ext/shoryuken/environment_loader.rb
DA:4,0
DA:5,0
DA:6,0
DA:7,0
DA:8,0
DA:9,0
DA:10,0
DA:12,0
DA:14,0
DA:15,0
DA:16,0
DA:17,0
DA:19,0
BRF:0
BRH:0
end_of_record
SF:./lib/ext/shoryuken/pre_validate_queues.rb
DA:4,1
DA:5,1
DA:6,1
DA:7,1
DA:8,3
DA:11,1
DA:12,3
DA:14,3
DA:18,3
DA:21,1
DA:22,14
DA:25,1
DA:26,8
DA:27,5
DA:29,3
DA:30,3
DA:31,3
DA:34,1
DA:35,6
BRDA:12,0,1,-
BRDA:12,0,2,3
BRDA:30,0,3,3
BRDA:30,0,4,-
BRF:4
BRH:2
end_of_record
SF:./lib/ext/sidekiq/bulk_queuer.rb
DA:4,1
DA:5,1
DA:6,1
DA:7,1
DA:9,1
DA:11,1
DA:12,79
DA:13,10
BRDA:7,0,1,-
BRDA:7,0,2,1
BRF:2
BRH:1
end_of_record
SF:./lib/ext/sidekiq/sharding.rb
DA:4,1
DA:5,1
DA:6,1
DA:7,1
DA:8,5
DA:9,5
DA:10,15
DA:11,5
DA:12,10
BRF:0
BRH:0
end_of_record
SF:./lib/ext/sidekiq/stats.rb
DA:8,1
DA:9,1
DA:10,1
DA:11,1
DA:12,6
DA:13,6
DA:14,6
DA:16,6
BRF:0
BRH:0
end_of_record
SF:./lib/feature_toggle/checker.rb
DA:4,1
DA:5,1
DA:6,1
DA:8,1
DA:9,1
DA:10,516
DA:13,516
DA:15,515
DA:18,1
DA:19,515
DA:22,1
DA:23,516
DA:24,1
DA:27,515
DA:32,1
DA:33,16
BRDA:23,0,1,515
BRDA:23,0,2,1
BRF:2
BRH:2
end_of_record
SF:./lib/issue_service/create_redis_pool.rb
DA:4,1
DA:5,1
DA:6,1
DA:7,2
DA:8,2
DA:10,2
DA:11,2
DA:15,1
DA:16,2
BRF:0
BRH:0
end_of_record
SF:./lib/issue_service/formatters/custom_json.rb
DA:4,1
DA:5,1
DA:6,1
DA:7,1
DA:8,6
DA:10,6
DA:12,6
DA:14,6
DA:16,6
DA:18,6
DA:21,1
DA:23,1
DA:25,6
DA:34,1
DA:35,6
DA:37,1
DA:38,1
DA:41,1
DA:42,6
DA:44,1
DA:45,1
DA:48,1
DA:49,6
DA:52,1
DA:53,6
DA:55,6
DA:57,6
DA:60,1
DA:61,6
DA:63,5
DA:65,5
DA:67,5
DA:69,5
BRDA:35,0,1,1
BRDA:35,0,2,5
BRDA:38,0,3,-
BRDA:38,0,4,1
BRDA:42,0,5,1
BRDA:42,0,6,5
BRDA:45,0,7,1
BRDA:45,0,8,-
BRDA:53,0,9,-
BRDA:53,0,10,6
BRDA:61,0,11,5
BRDA:61,0,12,1
BRDA:67,0,13,-
BRDA:67,0,14,5
BRF:14
BRH:10
end_of_record
SF:./lib/issue_service/logger.rb
DA:4,1
DA:6,1
DA:7,1
DA:8,1
DA:10,1
DA:11,2
DA:12,2
BRF:0
BRH:0
end_of_record
SF:./lib/issue_service/struct.rb
DA:4,1
DA:5,1
DA:6,1
DA:7,1
DA:10,1
DA:12,1
DA:13,253
DA:16,1
DA:17,471
DA:18,468
DA:20,152
DA:21,8
DA:22,8
DA:24,0
DA:27,1
DA:28,21
DA:31,1
DA:32,1
DA:33,7
DA:34,845
DA:36,845
DA:37,374
DA:39,471
BRDA:17,0,1,3
BRDA:17,0,2,468
BRDA:18,0,3,316
BRDA:18,0,4,152
BRDA:20,0,5,144
BRDA:20,0,6,8
BRDA:21,0,7,-
BRDA:21,0,8,8
BRDA:22,0,9,8
BRDA:22,0,10,-
BRDA:36,0,11,374
BRDA:38,0,12,471
BRF:12
BRH:10
end_of_record
SF:./lib/issue_service/tracing/faraday_request_id_middleware.rb
DA:4,1
DA:5,1
DA:6,1
DA:7,1
DA:9,1
DA:10,68
DA:11,68
DA:14,1
DA:15,92
DA:18,1
DA:20,1
DA:21,92
DA:22,92
BRF:0
BRH:0
end_of_record
SF:./lib/issue_service/tracing/shoryuken_context.rb
DA:4,1
DA:5,1
DA:6,1
DA:7,1
BRF:0
BRH:0
end_of_record
SF:./lib/issue_service/tracing/shoryuken_middleware.rb
DA:4,1
DA:5,1
DA:6,1
DA:7,1
DA:8,0
DA:9,0
DA:10,0
DA:11,0
DA:14,1
DA:16,1
DA:17,0
DA:19,0
BRDA:17,0,1,-
BRDA:17,0,2,-
BRF:2
BRH:0
end_of_record
SF:./lib/issue_service/tracing/sidekiq_client_middleware.rb
DA:4,1
DA:5,1
DA:6,1
DA:7,1
DA:8,198
DA:9,198
DA:11,198
BRF:0
BRH:0
end_of_record
SF:./lib/issue_service/tracing/sidekiq_server_middleware.rb
DA:4,1
DA:5,1
DA:6,1
DA:7,1
DA:8,0
DA:9,0
BRF:0
BRH:0
end_of_record
SF:./lib/prometheus.rb
DA:4,1
DA:5,1
DA:6,1
DA:7,1
DA:9,1
BRF:0
BRH:0
end_of_record
SF:./lib/prometheus/application_custom_metrics.rb
DA:4,1
DA:5,1
DA:6,1
DA:8,1
DA:10,1
DA:11,1
DA:12,5
DA:13,5
DA:18,1
DA:19,42
DA:20,42
DA:25,1
DA:26,43
DA:27,43
DA:32,1
DA:33,9
DA:34,9
DA:39,1
DA:40,10
DA:41,10
DA:46,1
DA:47,2
DA:48,2
DA:53,1
DA:54,45
DA:55,45
DA:60,1
DA:61,0
DA:62,0
DA:67,1
DA:68,0
DA:69,0
DA:74,1
DA:75,0
DA:76,0
DA:81,1
DA:82,10
DA:83,10
DA:90,1
DA:91,2
DA:92,2
BRF:0
BRH:0
end_of_record
SF:./lib/prometheus/circuit_custom_metrics.rb
DA:4,1
DA:5,1
DA:6,1
DA:8,1
DA:10,1
DA:11,1
DA:12,6
DA:13,6
BRF:0
BRH:0
end_of_record
SF:./lib/prometheus/dummy_client.rb
DA:4,1
DA:5,1
DA:6,1
DA:9,1
DA:10,1
DA:12,1
DA:13,14
BRF:0
BRH:0
end_of_record
SF:./lib/prometheus/prometheus_client_utils.rb
DA:4,1
DA:5,1
DA:7,1
DA:14,1
DA:15,0
DA:18,1
DA:19,11
DA:22,1
DA:23,1
DA:31,1
DA:32,3
BRF:0
BRH:0
end_of_record
SF:./lib/prometheus/sidekiq_custom_metrics.rb
DA:4,1
DA:5,1
DA:6,1
DA:8,1
DA:10,1
DA:11,1
DA:12,4
DA:13,4
DA:17,1
DA:18,4
DA:19,4
DA:24,1
DA:25,2
DA:26,2
DA:31,1
DA:32,2
DA:33,2
BRF:0
BRH:0
end_of_record
SF:./lib/redis_commands.rb
DA:4,1
DA:7,1
DA:22,1
DA:23,202
DA:25,202
DA:26,202
BRF:0
BRH:0
end_of_record
SF:./lib/slack_client.rb
DA:4,1
DA:6,1
DA:7,1
DA:11,1
DA:13,1
DA:14,5
DA:17,1
DA:18,1
DA:19,1
DA:20,1
DA:21,1
DA:22,1
DA:26,1
DA:28,1
DA:29,1
DA:32,1
DA:34,1
DA:41,1
DA:42,0
BRF:0
BRH:0
end_of_record
SF:./lib/state_comparator/comparison_initializer.rb
DA:4,1
DA:5,1
DA:6,1
DA:7,2
BRF:0
BRH:0
end_of_record
SF:./lib/state_comparator/comparison_methods.rb
DA:4,1
DA:5,1
DA:6,1
DA:7,667
DA:10,1
DA:12,1
DA:13,652
BRDA:13,0,1,588
BRDA:13,0,2,64
BRF:2
BRH:2
end_of_record
SF:./lib/state_comparator/comparison_mixin.rb
DA:4,1
DA:5,1
DA:6,1
DA:7,2
DA:8,2
BRF:0
BRH:0
end_of_record
SF:./lib/state_comparator/sequential_initializer.rb
DA:4,1
DA:5,1
DA:6,1
DA:7,2
DA:8,2
BRF:0
BRH:0
end_of_record
SF:./lib/state_comparator/sequential_methods.rb
DA:4,1
DA:5,1
DA:6,1
DA:8,1
DA:9,100
DA:12,1
DA:13,47
DA:16,1
DA:18,1
DA:19,293
BRF:0
BRH:0
end_of_record
SF:./lib/state_comparator/sequential_mixin.rb
DA:4,1
DA:5,1
DA:6,1
DA:7,2
DA:8,2
BRF:0
BRH:0
end_of_record
SF:./lib/table_settings.rb
DA:4,1
DA:5,1
DA:6,2
DA:7,2
DA:12,1
DA:14,1
DA:15,1
DA:16,10
DA:17,10
DA:18,10
DA:22,1
DA:24,1
DA:25,2
DA:26,102
BRDA:17,0,1,10
BRDA:17,0,2,-
BRF:2
BRH:1
end_of_record
SF:./lib/transaction/advisory_lock.rb
DA:4,1
DA:5,1
DA:8,1
DA:10,1
DA:11,1
DA:13,1
DA:14,95
DA:16,95
DA:17,95
DA:18,95
DA:22,1
DA:23,83
DA:25,83
DA:26,83
DA:27,83
DA:28,83
DA:29,78
DA:31,78
DA:35,1
DA:37,1
DA:38,95
DA:40,95
DA:42,0
DA:44,0
DA:45,0
BRDA:14,0,1,95
BRDA:14,0,2,-
BRDA:23,0,3,83
BRDA:23,0,4,-
BRDA:40,0,5,-
BRDA:40,0,6,95
BRF:6
BRH:3
end_of_record
